\BOOKMARK [0][-]{chapter.1}{Introduction}{}% 1
\BOOKMARK [0][-]{chapter.2}{State of the Art}{}% 2
\BOOKMARK [1][-]{section.2.1}{Traditional CAPTCHAs}{chapter.2}% 3
\BOOKMARK [2][-]{subsection.2.1.1}{Audio-based CAPTCHAs}{section.2.1}% 4
\BOOKMARK [2][-]{subsection.2.1.2}{Game-based CAPTCHAs}{section.2.1}% 5
\BOOKMARK [2][-]{subsection.2.1.3}{Image-based CAPTCHAs}{section.2.1}% 6
\BOOKMARK [2][-]{subsection.2.1.4}{Math CAPTCHAs}{section.2.1}% 7
\BOOKMARK [2][-]{subsection.2.1.5}{Slider CAPTCHAs}{section.2.1}% 8
\BOOKMARK [2][-]{subsection.2.1.6}{Text-based CAPTCHAs}{section.2.1}% 9
\BOOKMARK [2][-]{subsection.2.1.7}{Video-based CAPTCHAs}{section.2.1}% 10
\BOOKMARK [1][-]{section.2.2}{Modern CAPTCHAs}{chapter.2}% 11
\BOOKMARK [2][-]{subsection.2.2.1}{Biometrics-based CAPTCHAs}{section.2.2}% 12
\BOOKMARK [2][-]{subsection.2.2.2}{Behavioural-based CAPTCHAs}{section.2.2}% 13
\BOOKMARK [2][-]{subsection.2.2.3}{Sensor-based CAPTCHAs}{section.2.2}% 14
\BOOKMARK [1][-]{section.2.3}{CAPTCHA security}{chapter.2}% 15
\BOOKMARK [0][-]{chapter.3}{Side-channel attacks}{}% 16
\BOOKMARK [1][-]{section.3.1}{Local side-channel attacks}{chapter.3}% 17
\BOOKMARK [1][-]{section.3.2}{Vicinity side-channel attacks}{chapter.3}% 18
\BOOKMARK [1][-]{section.3.3}{Remote side-channel attacks}{chapter.3}% 19
\BOOKMARK [1][-]{section.3.4}{Popular side-channel attacks}{chapter.3}% 20
\BOOKMARK [1][-]{section.3.5}{Authentication}{chapter.3}% 21
\BOOKMARK [0][-]{chapter.4}{Invisible CAPPCHA}{}% 22
\BOOKMARK [1][-]{section.4.1}{Motion detection}{chapter.4}% 23
\BOOKMARK [2][-]{subsection.4.1.1}{Secure Element}{section.4.1}% 24
\BOOKMARK [1][-]{section.4.2}{Communication between Client and Server}{chapter.4}% 25
\BOOKMARK [2][-]{subsection.4.2.1}{Elliptic Curve Digital Signature Algorithm \(ECDSA\)}{section.4.2}% 26
\BOOKMARK [1][-]{section.4.3}{Security}{chapter.4}% 27
\BOOKMARK [2][-]{subsection.4.3.1}{Threat model}{section.4.3}% 28
\BOOKMARK [2][-]{subsection.4.3.2}{Strength against known attacks}{section.4.3}% 29
\BOOKMARK [0][-]{subsection.4.3.2}{Bibliography}{}% 30
