This is pdfTeX, Version 3.14159265-2.6-1.40.20 (MiKTeX 2.9.7200 64-bit) (preloaded format=pdflatex 2020.1.11)  27 JAN 2021 08:59
entering extended mode
**./Thesis.tex
(Thesis.tex
LaTeX2e <2019-10-01>
(D:\Programs\Miktex\tex/latex/base\book.cls
Document Class: book 2019/08/27 v1.4j Standard LaTeX document class
(D:\Programs\Miktex\tex/latex/base\bk12.clo
File: bk12.clo 2019/08/27 v1.4j Standard LaTeX file (size option)
)
\c@part=\count80
\c@chapter=\count81
\c@section=\count82
\c@subsection=\count83
\c@subsubsection=\count84
\c@paragraph=\count85
\c@subparagraph=\count86
\c@figure=\count87
\c@table=\count88
\abovecaptionskip=\skip41
\belowcaptionskip=\skip42
\bibindent=\dimen102
)
(D:\Programs\Miktex\tex/generic/babel\babel.sty
Package: babel 2019/09/27 3.34 The Babel package

(D:\Programs\Miktex\tex/generic/babel\switch.def
File: switch.def 2019/09/27 3.34 Babel switching mechanism
)
*************************************
* Local config file bblopts.cfg used
*
(D:\Programs\Miktex\tex/latex/arabi\bblopts.cfg
File: bblopts.cfg 2005/09/08 v0.1 add Arabic and Farsi to "declared" options of
 babel
)
(D:\Programs\Miktex\tex/latex/babel-english\english.ldf
Language: english 2017/06/06 v3.3r English support from the babel system

(D:\Programs\Miktex\tex/generic/babel\babel.def
File: babel.def 2019/09/27 3.34 Babel common definitions
\babel@savecnt=\count89
\U@D=\dimen103

(D:\Programs\Miktex\tex/generic/babel\txtbabel.def)
\bbl@dirlevel=\count90
)
\l@canadian = a dialect from \language\l@american 
\l@australian = a dialect from \language\l@british 
\l@newzealand = a dialect from \language\l@british 
)
(D:\Programs\Miktex\tex/latex/babel-italian\italian.ldf
Language: italian 2019/11/16 v.1.4.03 Italian support for the babel system
\it@lettering=\count91
\it@doublequoteactive=\count92
\it@ISOcompliance=\count93
))
(D:\Programs\Miktex\tex/latex/etoolbox\etoolbox.sty
Package: etoolbox 2019/09/21 v2.5h e-TeX tools for LaTeX (JAW)
\etb@tempcnta=\count94
)
(D:\Programs\Miktex\tex/latex/lipsum\lipsum.sty
(D:\Programs\Miktex\tex/latex/l3kernel\expl3.sty
Package: expl3 2019-11-07 L3 programming layer (loader) 

(D:\Programs\Miktex\tex/latex/l3kernel\expl3-code.tex
Package: expl3 2019-11-07 L3 programming layer (code)
\c_max_int=\count95
\l_tmpa_int=\count96
\l_tmpb_int=\count97
\g_tmpa_int=\count98
\g_tmpb_int=\count99
\l__seq_internal_a_int=\count100
\l__seq_internal_b_int=\count101
\g__kernel_prg_map_int=\count102
\c__ior_term_noprompt_ior=\count103
\c_log_iow=\count104
\l_iow_line_count_int=\count105
\l__iow_line_target_int=\count106
\l__iow_one_indent_int=\count107
\l__iow_indent_int=\count108
\c_zero_dim=\dimen104
\c_max_dim=\dimen105
\l_tmpa_dim=\dimen106
\l_tmpb_dim=\dimen107
\g_tmpa_dim=\dimen108
\g_tmpb_dim=\dimen109
\c_zero_skip=\skip43
\c_max_skip=\skip44
\l_tmpa_skip=\skip45
\l_tmpb_skip=\skip46
\g_tmpa_skip=\skip47
\g_tmpb_skip=\skip48
\c_zero_muskip=\muskip10
\c_max_muskip=\muskip11
\l_tmpa_muskip=\muskip12
\l_tmpb_muskip=\muskip13
\g_tmpa_muskip=\muskip14
\g_tmpb_muskip=\muskip15
\l_keys_choice_int=\count109
\l__intarray_loop_int=\count110
\c__intarray_sp_dim=\dimen110
\g__intarray_font_int=\count111
\c__fp_leading_shift_int=\count112
\c__fp_middle_shift_int=\count113
\c__fp_trailing_shift_int=\count114
\c__fp_big_leading_shift_int=\count115
\c__fp_big_middle_shift_int=\count116
\c__fp_big_trailing_shift_int=\count117
\c__fp_Bigg_leading_shift_int=\count118
\c__fp_Bigg_middle_shift_int=\count119
\c__fp_Bigg_trailing_shift_int=\count120
\c__kernel_randint_max_int=\count121
\g__fp_array_int=\count122
\l__fp_array_loop_int=\count123
\l__sort_length_int=\count124
\l__sort_min_int=\count125
\l__sort_top_int=\count126
\l__sort_max_int=\count127
\l__sort_true_max_int=\count128
\l__sort_block_int=\count129
\l__sort_begin_int=\count130
\l__sort_end_int=\count131
\l__sort_A_int=\count132
\l__sort_B_int=\count133
\l__sort_C_int=\count134
\l__str_internal_int=\count135
\c__str_replacement_char_int=\count136
\l__tl_analysis_normal_int=\count137
\l__tl_analysis_index_int=\count138
\l__tl_analysis_nesting_int=\count139
\l__tl_analysis_type_int=\count140
\l__regex_internal_a_int=\count141
\l__regex_internal_b_int=\count142
\l__regex_internal_c_int=\count143
\l__regex_balance_int=\count144
\l__regex_group_level_int=\count145
\l__regex_mode_int=\count146
\c__regex_cs_in_class_mode_int=\count147
\c__regex_cs_mode_int=\count148
\l__regex_catcodes_int=\count149
\l__regex_default_catcodes_int=\count150
\c__regex_catcode_D_int=\count151
\c__regex_catcode_S_int=\count152
\c__regex_catcode_L_int=\count153
\c__regex_catcode_O_int=\count154
\c__regex_catcode_A_int=\count155
\c__regex_all_catcodes_int=\count156
\l__regex_show_lines_int=\count157
\l__regex_min_state_int=\count158
\l__regex_max_state_int=\count159
\l__regex_left_state_int=\count160
\l__regex_right_state_int=\count161
\l__regex_capturing_group_int=\count162
\l__regex_min_pos_int=\count163
\l__regex_max_pos_int=\count164
\l__regex_curr_pos_int=\count165
\l__regex_start_pos_int=\count166
\l__regex_success_pos_int=\count167
\l__regex_curr_char_int=\count168
\l__regex_curr_catcode_int=\count169
\l__regex_last_char_int=\count170
\l__regex_case_changed_char_int=\count171
\l__regex_curr_state_int=\count172
\l__regex_step_int=\count173
\l__regex_min_active_int=\count174
\l__regex_max_active_int=\count175
\l__regex_replacement_csnames_int=\count176
\l__regex_match_count_int=\count177
\l__regex_min_submatch_int=\count178
\l__regex_submatch_int=\count179
\l__regex_zeroth_submatch_int=\count180
\g__regex_trace_regex_int=\count181
\c_empty_box=\box27
\l_tmpa_box=\box28
\l_tmpb_box=\box29
\g_tmpa_box=\box30
\g_tmpb_box=\box31
\l__box_top_dim=\dimen111
\l__box_bottom_dim=\dimen112
\l__box_left_dim=\dimen113
\l__box_right_dim=\dimen114
\l__box_top_new_dim=\dimen115
\l__box_bottom_new_dim=\dimen116
\l__box_left_new_dim=\dimen117
\l__box_right_new_dim=\dimen118
\l__box_internal_box=\box32
\l__coffin_internal_box=\box33
\l__coffin_internal_dim=\dimen119
\l__coffin_offset_x_dim=\dimen120
\l__coffin_offset_y_dim=\dimen121
\l__coffin_x_dim=\dimen122
\l__coffin_y_dim=\dimen123
\l__coffin_x_prime_dim=\dimen124
\l__coffin_y_prime_dim=\dimen125
\c_empty_coffin=\box34
\l__coffin_aligned_coffin=\box35
\l__coffin_aligned_internal_coffin=\box36
\l_tmpa_coffin=\box37
\l_tmpb_coffin=\box38
\g_tmpa_coffin=\box39
\g_tmpb_coffin=\box40
\l__coffin_bounding_shift_dim=\dimen126
\l__coffin_left_corner_dim=\dimen127
\l__coffin_right_corner_dim=\dimen128
\l__coffin_bottom_corner_dim=\dimen129
\l__coffin_top_corner_dim=\dimen130
\l__coffin_scaled_total_height_dim=\dimen131
\l__coffin_scaled_width_dim=\dimen132
\c__coffin_empty_coffin=\box41
\l__coffin_display_coffin=\box42
\l__coffin_display_coord_coffin=\box43
\l__coffin_display_pole_coffin=\box44
\l__coffin_display_offset_dim=\dimen133
\l__coffin_display_x_dim=\dimen134
\l__coffin_display_y_dim=\dimen135
\g__char_data_ior=\read1

(D:\Programs\Miktex\tex/latex/l3kernel\l3deprecation.def
File: l3deprecation.def 2019-04-06 v L3 Deprecated functions
))
(D:\Programs\Miktex\tex/latex/l3backend\l3backend-pdfmode.def
File: l3backend-pdfmode.def 2019-04-06 L3 backend support: PDF mode
\l__kernel_color_stack_int=\count182
\l__pdf_internal_box=\box45
))
(D:\Programs\Miktex\tex/latex/l3packages/xparse\xparse.sty
Package: xparse 2019-10-11 L3 Experimental document command parser
\l__xparse_current_arg_int=\count183
\g__xparse_grabber_int=\count184
\l__xparse_m_args_int=\count185
\l__xparse_v_nesting_int=\count186
)
Package: lipsum 2019/01/02 v2.2 150 paragraphs of Lorem Ipsum dummy text

(D:\Programs\Miktex\tex/latex/lipsum\lipsum.ltd.tex
File: lipsum.ltd.tex 2019/01/02 v2.2 The Lorem ipsum dummy text
))
(D:\Programs\Miktex\tex/latex/base\fontenc.sty
Package: fontenc 2018/08/11 v2.0j Standard LaTeX package

(D:\Programs\Miktex\tex/latex/base\t1enc.def
File: t1enc.def 2018/08/11 v2.0j Standard LaTeX file
LaTeX Font Info:    Redeclaring font encoding T1 on input line 48.
))
(D:\Programs\Miktex\tex/latex/base\inputenc.sty
Package: inputenc 2018/08/11 v1.3c Input encoding file
\inpenc@prehook=\toks14
\inpenc@posthook=\toks15
)
(D:\Programs\Miktex\tex/latex/fancyhdr\fancyhdr.sty
Package: fancyhdr 2019/01/31 v3.10 Extensive control of page headers and footer
s
\f@nch@headwidth=\skip49
\f@nch@O@elh=\skip50
\f@nch@O@erh=\skip51
\f@nch@O@olh=\skip52
\f@nch@O@orh=\skip53
\f@nch@O@elf=\skip54
\f@nch@O@erf=\skip55
\f@nch@O@olf=\skip56
\f@nch@O@orf=\skip57
)
(D:\Programs\Miktex\tex/latex/float\float.sty
Package: float 2001/11/08 v1.3d Float enhancements (AL)
\c@float@type=\count187
\float@exts=\toks16
\float@box=\box46
\@float@everytoks=\toks17
\@floatcapt=\box47
)
(D:\Programs\Miktex\tex/latex/graphics\graphicx.sty
Package: graphicx 2017/06/01 v1.1a Enhanced LaTeX Graphics (DPC,SPQR)

(D:\Programs\Miktex\tex/latex/graphics\keyval.sty
Package: keyval 2014/10/28 v1.15 key=value parser (DPC)
\KV@toks@=\toks18
)
(D:\Programs\Miktex\tex/latex/graphics\graphics.sty
Package: graphics 2019/07/20 v1.3b Standard LaTeX Graphics (DPC,SPQR)

(D:\Programs\Miktex\tex/latex/graphics\trig.sty
Package: trig 2016/01/03 v1.10 sin cos tan (DPC)
)
(D:\Programs\Miktex\tex/latex/graphics-cfg\graphics.cfg
File: graphics.cfg 2016/06/04 v1.11 sample graphics configuration
)
Package graphics Info: Driver file: pdftex.def on input line 105.

(D:\Programs\Miktex\tex/latex/graphics-def\pdftex.def
File: pdftex.def 2018/01/08 v1.0l Graphics/color driver for pdftex
))
\Gin@req@height=\dimen136
\Gin@req@width=\dimen137
)
(D:\Programs\Miktex\tex/latex/wrapfig\wrapfig.sty
\wrapoverhang=\dimen138
\WF@size=\dimen139
\c@WF@wrappedlines=\count188
\WF@box=\box48
\WF@everypar=\toks19
Package: wrapfig 2003/01/31  v 3.6
)
(D:\Programs\Miktex\tex/latex/siunitx\siunitx.sty
Package: siunitx 2019/10/10 v2.7t A comprehensive (SI) units package

(D:\Programs\Miktex\tex/latex/amsmath\amstext.sty
Package: amstext 2000/06/29 v2.01 AMS text

(D:\Programs\Miktex\tex/latex/amsmath\amsgen.sty
File: amsgen.sty 1999/11/30 v2.0 generic functions
\@emptytoks=\toks20
\ex@=\dimen140
))
(D:\Programs\Miktex\tex/latex/tools\array.sty
Package: array 2019/08/31 v2.4l Tabular extension package (FMi)
\col@sep=\dimen141
\ar@mcellbox=\box49
\extrarowheight=\dimen142
\NC@list=\toks21
\extratabsurround=\skip58
\backup@length=\skip59
\ar@cellbox=\box50
)
(D:\Programs\Miktex\tex/latex/l3packages/l3keys2e\l3keys2e.sty
Package: l3keys2e 2019-10-11 LaTeX2e option processing using LaTeX3 keys
)
\l__siunitx_tmp_box=\box51
\l__siunitx_tmp_dim=\dimen143
\l__siunitx_tmp_int=\count189
\l__siunitx_number_mantissa_length_int=\count190
\l__siunitx_number_uncert_length_int=\count191
\l__siunitx_round_int=\count192
\l__siunitx_process_decimal_int=\count193
\l__siunitx_process_uncertainty_int=\count194
\l__siunitx_process_fixed_int=\count195
\l__siunitx_process_integer_min_int=\count196
\l__siunitx_process_precision_int=\count197
\l__siunitx_group_min_int=\count198
\l__siunitx_angle_marker_box=\box52
\l__siunitx_angle_unit_box=\box53
\l__siunitx_angle_marker_dim=\dimen144
\l__siunitx_angle_unit_dim=\dimen145
\l__siunitx_unit_int=\count199
\l__siunitx_unit_denominator_int=\count266
\l__siunitx_unit_numerator_int=\count267
\l__siunitx_unit_prefix_int=\count268
\l__siunitx_unit_prefix_base_int=\count269
\l__siunitx_unit_prefix_gram_int=\count270
\l__siunitx_number_product_int=\count271
\c__siunitx_one_fill_skip=\skip60
\l__siunitx_table_unit_align_skip=\skip61
\l__siunitx_table_exponent_dim=\dimen146
\l__siunitx_table_integer_dim=\dimen147
\l__siunitx_table_mantissa_dim=\dimen148
\l__siunitx_table_marker_dim=\dimen149
\l__siunitx_table_result_dim=\dimen150
\l__siunitx_table_uncert_dim=\dimen151
\l__siunitx_table_fill_pre_dim=\dimen152
\l__siunitx_table_fill_post_dim=\dimen153
\l__siunitx_table_fill_mid_dim=\dimen154
\l__siunitx_table_pre_box=\box54
\l__siunitx_table_post_box=\box55
\l__siunitx_table_mantissa_box=\box56
\l__siunitx_table_result_box=\box57
\l__siunitx_table_number_align_skip=\skip62
\l__siunitx_table_text_align_skip=\skip63

(D:\Programs\Miktex\tex/latex/translator\translator.sty
Package: translator 2019-05-31 v1.12a Easy translation of strings in LaTeX
))
(D:\Programs\Miktex\tex/latex/tools\verbatim.sty
Package: verbatim 2014/10/28 v1.5q LaTeX2e package for verbatim enhancements
\every@verbatim=\toks22
\verbatim@line=\toks23
\verbatim@in@stream=\read2
)
(D:\Programs\Miktex\tex/latex/caption\subcaption.sty
Package: subcaption 2020/01/03 v1.3b Sub-captions (AR)

(D:\Programs\Miktex\tex/latex/caption\caption.sty
Package: caption 2020/01/03 v3.4h Customizing captions (AR)

(D:\Programs\Miktex\tex/latex/caption\caption3.sty
Package: caption3 2020/01/03 v1.8h caption3 kernel (AR)
Package caption3 Info: TeX engine: e-TeX on input line 61.
\captionmargin=\dimen155
\captionmargin@=\dimen156
\captionwidth=\dimen157
\caption@tempdima=\dimen158
\caption@indent=\dimen159
\caption@parindent=\dimen160
\caption@hangindent=\dimen161
Package caption Info: Standard document class detected.
)
\c@caption@flags=\count272
\c@continuedfloat=\count273
Package caption Info: float package is loaded.
Package caption Info: wrapfig package is loaded.
)
\c@subfigure=\count274
\c@subtable=\count275
)
(D:\Programs\Miktex\tex/latex/amsmath\amsmath.sty
Package: amsmath 2019/04/01 v2.17c AMS math features
\@mathmargin=\skip64

For additional information on amsmath, use the `?' option.
(D:\Programs\Miktex\tex/latex/amsmath\amsbsy.sty
Package: amsbsy 1999/11/29 v1.2d Bold Symbols
\pmbraise@=\dimen162
)
(D:\Programs\Miktex\tex/latex/amsmath\amsopn.sty
Package: amsopn 2016/03/08 v2.02 operator names
)
\inf@bad=\count276
LaTeX Info: Redefining \frac on input line 227.
\uproot@=\count277
\leftroot@=\count278
LaTeX Info: Redefining \overline on input line 389.
\classnum@=\count279
\DOTSCASE@=\count280
LaTeX Info: Redefining \ldots on input line 486.
LaTeX Info: Redefining \dots on input line 489.
LaTeX Info: Redefining \cdots on input line 610.
\Mathstrutbox@=\box58
\strutbox@=\box59
\big@size=\dimen163
LaTeX Font Info:    Redeclaring font encoding OML on input line 733.
LaTeX Font Info:    Redeclaring font encoding OMS on input line 734.
\macc@depth=\count281
\c@MaxMatrixCols=\count282
\dotsspace@=\muskip16
\c@parentequation=\count283
\dspbrk@lvl=\count284
\tag@help=\toks24
\row@=\count285
\column@=\count286
\maxfields@=\count287
\andhelp@=\toks25
\eqnshift@=\dimen164
\alignsep@=\dimen165
\tagshift@=\dimen166
\tagwidth@=\dimen167
\totwidth@=\dimen168
\lineht@=\dimen169
\@envbody=\toks26
\multlinegap=\skip65
\multlinetaggap=\skip66
\mathdisplay@stack=\toks27
LaTeX Info: Redefining \[ on input line 2855.
LaTeX Info: Redefining \] on input line 2856.
)
(D:\Programs\Miktex\tex/latex/algorithm2e\algorithm2e.sty
Package: algorithm2e 2017/07/18 v5.2 algorithms environments
\c@AlgoLine=\count288

(D:\Programs\Miktex\tex/latex/base\ifthen.sty
Package: ifthen 2014/09/29 v1.1c Standard LaTeX ifthen package (DPC)
)
\algocf@hangindent=\skip67

(D:\Programs\Miktex\tex/latex/ifoddpage\ifoddpage.sty
Package: ifoddpage 2016/04/23 v1.1 Conditionals for odd/even page detection
\c@checkoddpage=\count289
)
(D:\Programs\Miktex\tex/latex/tools\xspace.sty
Package: xspace 2014/10/28 v1.13 Space after command names (DPC,MH)
)
(D:\Programs\Miktex\tex/latex/relsize\relsize.sty
Package: relsize 2013/03/29 ver 4.1
)
\skiptotal=\skip68
\skiplinenumber=\skip69
\skiprule=\skip70
\skiphlne=\skip71
\skiptext=\skip72
\skiplength=\skip73
\algomargin=\skip74
\skipalgocfslide=\skip75
\algowidth=\dimen170
\inoutsize=\dimen171
\inoutindent=\dimen172
\interspacetitleruled=\dimen173
\interspacealgoruled=\dimen174
\interspacetitleboxruled=\dimen175
\algocf@ruledwidth=\skip76
\algocf@inoutbox=\box60
\algocf@inputbox=\box61
\AlCapSkip=\skip77
\AlCapHSkip=\skip78
\algoskipindent=\skip79
\algocf@nlbox=\box62
\algocf@hangingbox=\box63
\algocf@untilbox=\box64
\algocf@skipuntil=\skip80
\algocf@capbox=\box65
\algocf@lcaptionbox=\skip81
\algoheightruledefault=\skip82
\algoheightrule=\skip83
\algotitleheightruledefault=\skip84
\algotitleheightrule=\skip85
\c@algocfline=\count290
\c@algocfproc=\count291
\c@algocf=\count292
\algocf@algoframe=\box66
\algocf@algobox=\box67
)
(D:\Programs\Miktex\tex/latex/multirow\multirow.sty
Package: multirow 2019/05/31 v2.5 Span multiple rows of a table
\multirow@colwidth=\skip86
\multirow@cntb=\count293
\multirow@dima=\skip87
\bigstrutjot=\dimen176
)
(D:\Programs\Miktex\tex/latex/enumitem\enumitem.sty
Package: enumitem 2019/06/20 v3.9 Customized lists
\labelindent=\skip88
\enit@outerparindent=\dimen177
\enit@toks=\toks28
\enit@inbox=\box68
\enit@count@id=\count294
\enitdp@description=\count295
)
(D:\Programs\Miktex\tex/latex/tools\longtable.sty
Package: longtable 2019/02/06 v4.12 Multi-page Table package (DPC)
\LTleft=\skip89
\LTright=\skip90
\LTpre=\skip91
\LTpost=\skip92
\LTchunksize=\count296
\LTcapwidth=\dimen178
\LT@head=\box69
\LT@firsthead=\box70
\LT@foot=\box71
\LT@lastfoot=\box72
\LT@cols=\count297
\LT@rows=\count298
\c@LT@tables=\count299
\c@LT@chunks=\count300
\LT@p@ftn=\toks29
)
(D:\Programs\Miktex\tex/latex/graphics\rotating.sty
Package: rotating 2016/08/11 v2.16d rotated objects in LaTeX
\c@r@tfl@t=\count301
\rotFPtop=\skip93
\rotFPbot=\skip94
\rot@float@box=\box73
\rot@mess@toks=\toks30
)
(D:\Programs\Miktex\tex/latex/url\url.sty
\Urlmuskip=\muskip17
Package: url 2013/09/16  ver 3.4  Verb mode for urls, etc.
)
(D:\Programs\Miktex\tex/latex/xcolor\xcolor.sty
Package: xcolor 2016/05/11 v2.12 LaTeX color extensions (UK)

(D:\Programs\Miktex\tex/latex/graphics-cfg\color.cfg
File: color.cfg 2016/01/02 v1.6 sample color configuration
)
Package xcolor Info: Package option `usenames' ignored on input line 216.
Package xcolor Info: Driver file: pdftex.def on input line 225.

(D:\Programs\Miktex\tex/latex/colortbl\colortbl.sty
Package: colortbl 2018/12/12 v1.0d Color table columns (DPC)
\everycr=\toks31
\minrowclearance=\skip95
)
\rownum=\count302
Package xcolor Info: Model `cmy' substituted by `cmy0' on input line 1348.
Package xcolor Info: Model `hsb' substituted by `rgb' on input line 1352.
Package xcolor Info: Model `RGB' extended on input line 1364.
Package xcolor Info: Model `HTML' substituted by `rgb' on input line 1366.
Package xcolor Info: Model `Hsb' substituted by `hsb' on input line 1367.
Package xcolor Info: Model `tHsb' substituted by `hsb' on input line 1368.
Package xcolor Info: Model `HSB' substituted by `hsb' on input line 1369.
Package xcolor Info: Model `Gray' substituted by `gray' on input line 1370.
Package xcolor Info: Model `wave' substituted by `hsb' on input line 1371.

(D:\Programs\Miktex\tex/latex/graphics\dvipsnam.def
File: dvipsnam.def 2016/06/17 v3.0m Driver-dependent file (DPC,SPQR)
))
(D:\Programs\Miktex\tex/latex/listings\listings.sty
\lst@mode=\count303
\lst@gtempboxa=\box74
\lst@token=\toks32
\lst@length=\count304
\lst@currlwidth=\dimen179
\lst@column=\count305
\lst@pos=\count306
\lst@lostspace=\dimen180
\lst@width=\dimen181
\lst@newlines=\count307
\lst@lineno=\count308
\lst@maxwidth=\dimen182

(D:\Programs\Miktex\tex/latex/listings\lstmisc.sty
File: lstmisc.sty 2019/09/10 1.8c (Carsten Heinz)
\c@lstnumber=\count309
\lst@skipnumbers=\count310
\lst@framebox=\box75
)
(D:\Programs\Miktex\tex/latex/listings\listings.cfg
File: listings.cfg 2019/09/10 1.8c listings configuration
))
Package: listings 2019/09/10 1.8c (Carsten Heinz)

(D:\Programs\Miktex\tex/latex/listings\lstlang1.sty
File: lstlang1.sty 2019/09/10 1.8c listings language file
)
(D:\Programs\Miktex\tex/latex/listings\lstmisc.sty
File: lstmisc.sty 2019/09/10 1.8c (Carsten Heinz)
)
(D:\Programs\Miktex\tex/latex/hyperref\hyperref.sty
Package: hyperref 2019/09/28 v7.00a Hypertext links for LaTeX

(D:\Programs\Miktex\tex/generic/oberdiek\hobsub-hyperref.sty
Package: hobsub-hyperref 2016/05/16 v1.14 Bundle oberdiek, subset hyperref (HO)


(D:\Programs\Miktex\tex/generic/oberdiek\hobsub-generic.sty
Package: hobsub-generic 2016/05/16 v1.14 Bundle oberdiek, subset generic (HO)
Package: hobsub 2016/05/16 v1.14 Construct package bundles (HO)
Package: infwarerr 2016/05/16 v1.4 Providing info/warning/error messages (HO)
Package: ltxcmds 2016/05/16 v1.23 LaTeX kernel commands for general use (HO)
Package: ifluatex 2016/05/16 v1.4 Provides the ifluatex switch (HO)
Package ifluatex Info: LuaTeX not detected.
Package: ifvtex 2016/05/16 v1.6 Detect VTeX and its facilities (HO)
Package ifvtex Info: VTeX not detected.
Package: intcalc 2016/05/16 v1.2 Expandable calculations with integers (HO)
Package: ifpdf 2018/09/07 v3.3 Provides the ifpdf switch
Package: etexcmds 2016/05/16 v1.6 Avoid name clashes with e-TeX commands (HO)
Package: kvsetkeys 2016/05/16 v1.17 Key value parser (HO)
Package: kvdefinekeys 2016/05/16 v1.4 Define keys (HO)
Package: pdftexcmds 2019/07/25 v0.30 Utility functions of pdfTeX for LuaTeX (HO
)
Package pdftexcmds Info: LuaTeX not detected.
Package pdftexcmds Info: \pdf@primitive is available.
Package pdftexcmds Info: \pdf@ifprimitive is available.
Package pdftexcmds Info: \pdfdraftmode found.
Package: pdfescape 2016/05/16 v1.14 Implements pdfTeX's escape features (HO)
Package: bigintcalc 2016/05/16 v1.4 Expandable calculations on big integers (HO
)
Package: bitset 2016/05/16 v1.2 Handle bit-vector datatype (HO)
Package: uniquecounter 2016/05/16 v1.3 Provide unlimited unique counter (HO)
)
Package hobsub Info: Skipping package `hobsub' (already loaded).
Package: letltxmacro 2016/05/16 v1.5 Let assignment for LaTeX macros (HO)
Package: hopatch 2016/05/16 v1.3 Wrapper for package hooks (HO)
Package: xcolor-patch 2016/05/16 xcolor patch
Package: atveryend 2016/05/16 v1.9 Hooks at the very end of document (HO)
Package: atbegshi 2016/06/09 v1.18 At begin shipout hook (HO)
Package: refcount 2016/05/16 v3.5 Data extraction from label references (HO)
Package: hycolor 2016/05/16 v1.8 Color options for hyperref/bookmark (HO)
)
(D:\Programs\Miktex\tex/generic/ifxetex\ifxetex.sty
Package: ifxetex 2010/09/12 v0.6 Provides ifxetex conditional
)
(D:\Programs\Miktex\tex/latex/oberdiek\auxhook.sty
Package: auxhook 2016/05/16 v1.4 Hooks for auxiliary files (HO)
)
(D:\Programs\Miktex\tex/latex/oberdiek\kvoptions.sty
Package: kvoptions 2016/05/16 v3.12 Key value format for package options (HO)
)
\@linkdim=\dimen183
\Hy@linkcounter=\count311
\Hy@pagecounter=\count312

(D:\Programs\Miktex\tex/latex/hyperref\pd1enc.def
File: pd1enc.def 2019/09/28 v7.00a Hyperref: PDFDocEncoding definition (HO)
Now handling font encoding PD1 ...
... no UTF-8 mapping file for font encoding PD1
)
\Hy@SavedSpaceFactor=\count313

(D:\Programs\Miktex\tex/latex/00miktex\hyperref.cfg
File: hyperref.cfg 2002/06/06 v1.2 hyperref configuration of TeXLive
)
Package hyperref Info: Option `colorlinks' set `true' on input line 4414.
Package hyperref Info: Hyper figures OFF on input line 4540.
Package hyperref Info: Link nesting OFF on input line 4545.
Package hyperref Info: Hyper index ON on input line 4548.
Package hyperref Info: Plain pages OFF on input line 4555.
Package hyperref Info: Backreferencing OFF on input line 4560.
Package hyperref Info: Implicit mode ON; LaTeX internals redefined.
Package hyperref Info: Bookmarks ON on input line 4793.
\c@Hy@tempcnt=\count314
LaTeX Info: Redefining \url on input line 5152.
\XeTeXLinkMargin=\dimen184
\Fld@menulength=\count315
\Field@Width=\dimen185
\Fld@charsize=\dimen186
Package hyperref Info: Hyper figures OFF on input line 6423.
Package hyperref Info: Link nesting OFF on input line 6428.
Package hyperref Info: Hyper index ON on input line 6431.
Package hyperref Info: backreferencing OFF on input line 6438.
Package hyperref Info: Link coloring ON on input line 6441.
Package hyperref Info: Link coloring with OCG OFF on input line 6448.
Package hyperref Info: PDF/A mode OFF on input line 6453.
LaTeX Info: Redefining \ref on input line 6493.
LaTeX Info: Redefining \pageref on input line 6497.
\Hy@abspage=\count316
\c@Item=\count317
\c@Hfootnote=\count318
)
Package hyperref Info: Driver (autodetected): hpdftex.

(D:\Programs\Miktex\tex/latex/hyperref\hpdftex.def
File: hpdftex.def 2019/09/28 v7.00a Hyperref driver for pdfTeX
\Fld@listcount=\count319
\c@bookmark@seq@number=\count320

(D:\Programs\Miktex\tex/latex/oberdiek\rerunfilecheck.sty
Package: rerunfilecheck 2016/05/16 v1.8 Rerun checks for auxiliary files (HO)
Package uniquecounter Info: New unique counter `rerunfilecheck' on input line 2
82.
)
\Hy@SectionHShift=\skip96
)
(D:\Programs\Miktex\tex/latex/acronym\acronym.sty
Package: acronym 2019/11/11 v1.42 Support for acronyms (Tobias Oetiker)

(D:\Programs\Miktex\tex/latex/bigfoot\suffix.sty
Package: suffix 2006/07/15 1.5a Variant command support
)
(D:\Programs\Miktex\tex/latex/xstring\xstring.sty
(D:\Programs\Miktex\tex/generic/xstring\xstring.tex
\integerpart=\count321
\decimalpart=\count322
)
Package: xstring 2019/02/06 v1.83 String manipulations (CT)
)
\AC@clearlist=\toks33
)
(D:\Programs\Miktex\tex/latex/booktabs\booktabs.sty
Package: booktabs 2020/01/12 v1.61803398 Publication quality tables
\heavyrulewidth=\dimen187
\lightrulewidth=\dimen188
\cmidrulewidth=\dimen189
\belowrulesep=\dimen190
\belowbottomsep=\dimen191
\aboverulesep=\dimen192
\abovetopsep=\dimen193
\cmidrulesep=\dimen194
\cmidrulekern=\dimen195
\defaultaddspace=\dimen196
\@cmidla=\count323
\@cmidlb=\count324
\@aboverulesep=\dimen197
\@belowrulesep=\dimen198
\@thisruleclass=\count325
\@lastruleclass=\count326
\@thisrulewidth=\dimen199
) (Thesis.aux)
\openout1 = `Thesis.aux'.

LaTeX Font Info:    Checking defaults for OML/cmm/m/it on input line 130.
LaTeX Font Info:    ... okay on input line 130.
LaTeX Font Info:    Checking defaults for T1/cmr/m/n on input line 130.
LaTeX Font Info:    ... okay on input line 130.
LaTeX Font Info:    Checking defaults for OT1/cmr/m/n on input line 130.
LaTeX Font Info:    ... okay on input line 130.
LaTeX Font Info:    Checking defaults for OMS/cmsy/m/n on input line 130.
LaTeX Font Info:    ... okay on input line 130.
LaTeX Font Info:    Checking defaults for OMX/cmex/m/n on input line 130.
LaTeX Font Info:    ... okay on input line 130.
LaTeX Font Info:    Checking defaults for U/cmr/m/n on input line 130.
LaTeX Font Info:    ... okay on input line 130.
LaTeX Font Info:    Checking defaults for PD1/pdf/m/n on input line 130.
LaTeX Font Info:    ... okay on input line 130.
LaTeX Info: Redefining \it@ocap on input line 130.
LaTeX Info: Redefining \it@ccap on input line 130.

(D:\Programs\Miktex\tex/context/base/mkii\supp-pdf.mkii
[Loading MPS to PDF converter (version 2006.09.02).]
\scratchcounter=\count327
\scratchdimen=\dimen256
\scratchbox=\box76
\nofMPsegments=\count328
\nofMParguments=\count329
\everyMPshowfont=\toks34
\MPscratchCnt=\count330
\MPscratchDim=\dimen257
\MPnumerator=\count331
\makeMPintoPDFobject=\count332
\everyMPtoPDFconversion=\toks35
) (D:\Programs\Miktex\tex/latex/oberdiek\epstopdf-base.sty
Package: epstopdf-base 2016/05/15 v2.6 Base part for package epstopdf

(D:\Programs\Miktex\tex/latex/oberdiek\grfext.sty
Package: grfext 2016/05/16 v1.2 Manage graphics extensions (HO)
)
Package epstopdf-base Info: Redefining graphics rule for `.eps' on input line 4
38.
Package grfext Info: Graphics extension search list:
(grfext)             [.pdf,.png,.jpg,.mps,.jpeg,.jbig2,.jb2,.PDF,.PNG,.JPG,.JPE
G,.JBIG2,.JB2,.eps]
(grfext)             \AppendGraphicsExtensions on input line 456.
)
Now handling font encoding TS1 ...
... processing UTF-8 mapping file for font encoding TS1

(D:\Programs\Miktex\tex/latex/base\ts1enc.dfu
File: ts1enc.dfu 2019/07/11 v1.2j UTF-8 support for inputenc
   defining Unicode char U+00A2 (decimal 162)
   defining Unicode char U+00A3 (decimal 163)
   defining Unicode char U+00A4 (decimal 164)
   defining Unicode char U+00A5 (decimal 165)
   defining Unicode char U+00A6 (decimal 166)
   defining Unicode char U+00A7 (decimal 167)
   defining Unicode char U+00A8 (decimal 168)
   defining Unicode char U+00A9 (decimal 169)
   defining Unicode char U+00AA (decimal 170)
   defining Unicode char U+00AC (decimal 172)
   defining Unicode char U+00AE (decimal 174)
   defining Unicode char U+00AF (decimal 175)
   defining Unicode char U+00B0 (decimal 176)
   defining Unicode char U+00B1 (decimal 177)
   defining Unicode char U+00B2 (decimal 178)
   defining Unicode char U+00B3 (decimal 179)
   defining Unicode char U+00B4 (decimal 180)
   defining Unicode char U+00B5 (decimal 181)
   defining Unicode char U+00B6 (decimal 182)
   defining Unicode char U+00B7 (decimal 183)
   defining Unicode char U+00B9 (decimal 185)
   defining Unicode char U+00BA (decimal 186)
   defining Unicode char U+00BC (decimal 188)
   defining Unicode char U+00BD (decimal 189)
   defining Unicode char U+00BE (decimal 190)
   defining Unicode char U+00D7 (decimal 215)
   defining Unicode char U+00F7 (decimal 247)
   defining Unicode char U+0192 (decimal 402)
   defining Unicode char U+02C7 (decimal 711)
   defining Unicode char U+02D8 (decimal 728)
   defining Unicode char U+02DD (decimal 733)
   defining Unicode char U+0E3F (decimal 3647)
   defining Unicode char U+2016 (decimal 8214)
   defining Unicode char U+2020 (decimal 8224)
   defining Unicode char U+2021 (decimal 8225)
   defining Unicode char U+2022 (decimal 8226)
   defining Unicode char U+2030 (decimal 8240)
   defining Unicode char U+2031 (decimal 8241)
   defining Unicode char U+203B (decimal 8251)
   defining Unicode char U+203D (decimal 8253)
   defining Unicode char U+2044 (decimal 8260)
   defining Unicode char U+204E (decimal 8270)
   defining Unicode char U+2052 (decimal 8274)
   defining Unicode char U+20A1 (decimal 8353)
   defining Unicode char U+20A4 (decimal 8356)
   defining Unicode char U+20A6 (decimal 8358)
   defining Unicode char U+20A9 (decimal 8361)
   defining Unicode char U+20AB (decimal 8363)
   defining Unicode char U+20AC (decimal 8364)
   defining Unicode char U+20B1 (decimal 8369)
   defining Unicode char U+2103 (decimal 8451)
   defining Unicode char U+2116 (decimal 8470)
   defining Unicode char U+2117 (decimal 8471)
   defining Unicode char U+211E (decimal 8478)
   defining Unicode char U+2120 (decimal 8480)
   defining Unicode char U+2122 (decimal 8482)
   defining Unicode char U+2126 (decimal 8486)
   defining Unicode char U+2127 (decimal 8487)
   defining Unicode char U+212E (decimal 8494)
   defining Unicode char U+2190 (decimal 8592)
   defining Unicode char U+2191 (decimal 8593)
   defining Unicode char U+2192 (decimal 8594)
   defining Unicode char U+2193 (decimal 8595)
   defining Unicode char U+2329 (decimal 9001)
   defining Unicode char U+232A (decimal 9002)
   defining Unicode char U+2422 (decimal 9250)
   defining Unicode char U+25E6 (decimal 9702)
   defining Unicode char U+25EF (decimal 9711)
   defining Unicode char U+266A (decimal 9834)
   defining Unicode char U+27E8 (decimal 10216)
   defining Unicode char U+27E9 (decimal 10217)
   defining Unicode char U+FEFF (decimal 65279)
)
(D:\Programs\Miktex\tex/latex/translator\translator-basic-dictionary-English.di
ct
Dictionary: translator-basic-dictionary, Language: English 
) (D:\Programs\Miktex\tex/latex/siunitx\siunitx-abbreviations.cfg
File: siunitx-abbreviations.cfg 2017/11/26 v2.7k siunitx: Abbreviated units
)
Package caption Info: Begin \AtBeginDocument code.
Package caption Info: hyperref package is loaded.
Package caption Info: listings package is loaded.
Package caption Info: longtable package is loaded.

(D:\Programs\Miktex\tex/latex/caption\ltcaption.sty
Package: ltcaption 2018/08/26 v1.4a longtable captions (AR)
)
Package caption Info: rotating package is loaded.
Package caption Info: End \AtBeginDocument code.
\c@lstlisting=\count333
\AtBeginShipoutBox=\box77
Package hyperref Info: Link coloring ON on input line 130.

(D:\Programs\Miktex\tex/latex/hyperref\nameref.sty
Package: nameref 2019/09/16 v2.46 Cross-referencing by name of section

(D:\Programs\Miktex\tex/generic/oberdiek\gettitlestring.sty
Package: gettitlestring 2016/05/16 v1.5 Cleanup title references (HO)
)
\c@section@level=\count334
)
LaTeX Info: Redefining \ref on input line 130.
LaTeX Info: Redefining \pageref on input line 130.
LaTeX Info: Redefining \nameref on input line 130.
 (Thesis.out)
(Thesis.out)
\@outlinefile=\write3
\openout3 = `Thesis.out'.

 (Chapters/Title.tex
<./Images/unipd-light.png, id=211, 452.892pt x 455.7828pt>
File: ./Images/unipd-light.png Graphic file (type png)
<use ./Images/unipd-light.png>
Package pdftex.def Info: ./Images/unipd-light.png  used on input line 3.
(pdftex.def)             Requested size: 327.20668pt x 329.30394pt.
<./Images/unipd-bn.png, id=212, 192.72pt x 193.6836pt>
File: ./Images/unipd-bn.png Graphic file (type png)
<use ./Images/unipd-bn.png>
Package pdftex.def Info: ./Images/unipd-bn.png  used on input line 6.
(pdftex.def)             Requested size: 70.77888pt x 71.13188pt.
 [1



{C:/Users/raffa/AppData/Local/MiKTeX/2.9/pdftex/config/pdftex.map} <./Images/un
ipd-light.png (PNG copy)> <./Images/unipd-bn.png>] [2

]) (Chapters/Dedication.tex [3] [4

]) (Chapters/Quotations.tex
Overfull \hbox (9.08763pt too wide) in paragraph at lines 1--1
[]\T1/cmr/bx/n/17.28 ``\T1/cmr/m/it/12 Most peo-ple as-su-me that on-ce se-cu-r
i-ty soft-ware is in-stal-led, they're
 []


Underfull \hbox (badness 10000) in paragraph at lines 1--1

 []


Underfull \hbox (badness 10000) in paragraph at lines 1--1

 []


Underfull \hbox (badness 10000) in paragraph at lines 2--2

 []


Underfull \hbox (badness 10000) in paragraph at lines 2--2

 []


Underfull \hbox (badness 10000) in paragraph at lines 3--3

 []


Underfull \hbox (badness 10000) in paragraph at lines 3--3

 []

) (Chapters/Abstract.tex [5] [6

] [7]) [8


] (Thesis.toc [9])
\tf@toc=\write4
\openout4 = `Thesis.toc'.

 [10]
(Chapters/Introduction.tex
Chapter 1.
LaTeX Font Info:    Trying to load font information for OMS+cmr on input line 6
.
(D:\Programs\Miktex\tex/latex/base\omscmr.fd
File: omscmr.fd 2014/09/29 v2.5h Standard LaTeX font definitions
)
LaTeX Font Info:    Font shape `OMS/cmr/m/n' in size <12> not available
(Font)              Font shape `OMS/cmsy/m/n' tried instead on input line 6.
 [1



]) (Chapters/StateOfArt.tex
[2] [3] [4

]
Chapter 2.
[5] [6]
<Images/StateOfArt/audio_CAPTCHA.png, id=373, 326.21875pt x 136.51pt>
File: Images/StateOfArt/audio_CAPTCHA.png Graphic file (type png)
<use Images/StateOfArt/audio_CAPTCHA.png>
Package pdftex.def Info: Images/StateOfArt/audio_CAPTCHA.png  used on input lin
e 51.
(pdftex.def)             Requested size: 195.0pt x 81.60251pt.

Overfull \hbox (29.53738pt too wide) in paragraph at lines 46--54
\T1/cmr/m/n/12 ni-tion (ASR) programs[[]] but also Deep Learn-ing tech-niques (
e.g. DeepCRACk[[]]).
 []

<Images/StateOfArt/game_CAPTCHA.png, id=377, 361.35pt x 158.5925pt>
File: Images/StateOfArt/game_CAPTCHA.png Graphic file (type png)
<use Images/StateOfArt/game_CAPTCHA.png>
Package pdftex.def Info: Images/StateOfArt/game_CAPTCHA.png  used on input line
 63.
(pdftex.def)             Requested size: 168.47736pt x 73.94316pt.
<Images/StateOfArt/game_CAPTCHA2.png, id=378, 139.52126pt x 63.23625pt>
File: Images/StateOfArt/game_CAPTCHA2.png Graphic file (type png)
<use Images/StateOfArt/game_CAPTCHA2.png>
Package pdftex.def Info: Images/StateOfArt/game_CAPTCHA2.png  used on input lin
e 68.
(pdftex.def)             Requested size: 168.47736pt x 76.36266pt.
<Images/StateOfArt/game_CAPTCHA3.png, id=379, 460.72125pt x 363.3575pt>
File: Images/StateOfArt/game_CAPTCHA3.png Graphic file (type png)
<use Images/StateOfArt/game_CAPTCHA3.png>
Package pdftex.def Info: Images/StateOfArt/game_CAPTCHA3.png  used on input lin
e 73.
(pdftex.def)             Requested size: 214.50119pt x 169.17017pt.

Overfull \hbox (2.95964pt too wide) in paragraph at lines 56--78
\T1/cmr/m/n/12 This type of CAPTCHAs per-forms the ver-i-fi-ca-tion of the user
 iden-tity through
 []

[7 <./Images/StateOfArt/audio_CAPTCHA.png>] [8 <./Images/StateOfArt/game_CAPTCH
A.png> <./Images/StateOfArt/game_CAPTCHA2.png> <./Images/StateOfArt/game_CAPTCH
A3.png>]
<Images/StateOfArt/click_CAPTCHA.png, id=403, 387.849pt x 266.79675pt>
File: Images/StateOfArt/click_CAPTCHA.png Graphic file (type png)
<use Images/StateOfArt/click_CAPTCHA.png>
Package pdftex.def Info: Images/StateOfArt/click_CAPTCHA.png  used on input lin
e 89.
(pdftex.def)             Requested size: 175.49881pt x 120.721pt.
<Images/StateOfArt/sliding_image_CAPTCHA.png, id=405, 581.7735pt x 387.849pt>
File: Images/StateOfArt/sliding_image_CAPTCHA.png Graphic file (type png)
<use Images/StateOfArt/sliding_image_CAPTCHA.png>
Package pdftex.def Info: Images/StateOfArt/sliding_image_CAPTCHA.png  used on i
nput line 108.
(pdftex.def)             Requested size: 168.47736pt x 112.31944pt.
<Images/StateOfArt/sliding_image_CAPTCHA2.png, id=406, 392.06474pt x 260.172pt>

File: Images/StateOfArt/sliding_image_CAPTCHA2.png Graphic file (type png)
<use Images/StateOfArt/sliding_image_CAPTCHA2.png>
Package pdftex.def Info: Images/StateOfArt/sliding_image_CAPTCHA2.png  used on 
input line 108.
(pdftex.def)             Requested size: 168.47736pt x 111.80031pt.
<Images/StateOfArt/puzzle_CAPTCHA.png, id=411, 698.61pt x 409.53pt>
File: Images/StateOfArt/puzzle_CAPTCHA.png Graphic file (type png)
<use Images/StateOfArt/puzzle_CAPTCHA.png>
Package pdftex.def Info: Images/StateOfArt/puzzle_CAPTCHA.png  used on input li
ne 129.
(pdftex.def)             Requested size: 112.32013pt x 65.83858pt.
<Images/StateOfArt/puzzle_CAPTCHA2.png, id=412, 351.3125pt x 382.42876pt>
File: Images/StateOfArt/puzzle_CAPTCHA2.png Graphic file (type png)
<use Images/StateOfArt/puzzle_CAPTCHA2.png>
Package pdftex.def Info: Images/StateOfArt/puzzle_CAPTCHA2.png  used on input l
ine 129.
(pdftex.def)             Requested size: 112.32013pt x 122.26881pt.
 [9 <./Images/StateOfArt/click_CAPTCHA.png> <./Images/StateOfArt/sliding_image_
CAPTCHA.png> <./Images/StateOfArt/sliding_image_CAPTCHA2.png>]
<Images/StateOfArt/selection_CAPTCHA.jpg, id=431, 176.5797pt x 255.354pt>
File: Images/StateOfArt/selection_CAPTCHA.jpg Graphic file (type jpg)
<use Images/StateOfArt/selection_CAPTCHA.jpg>
Package pdftex.def Info: Images/StateOfArt/selection_CAPTCHA.jpg  used on input
 line 156.
(pdftex.def)             Requested size: 127.29349pt x 184.08073pt.
<Images/StateOfArt/selection_CAPTCHA2.jpg, id=432, 444.66125pt x 643.40375pt>
File: Images/StateOfArt/selection_CAPTCHA2.jpg Graphic file (type jpg)
<use Images/StateOfArt/selection_CAPTCHA2.jpg>
Package pdftex.def Info: Images/StateOfArt/selection_CAPTCHA2.jpg  used on inpu
t line 156.
(pdftex.def)             Requested size: 127.29349pt x 184.18683pt.
 [10 <./Images/StateOfArt/puzzle_CAPTCHA.png> <./Images/StateOfArt/puzzle_CAPTC
HA2.png>]
<Images/StateOfArt/interactive_CAPTCHA.png, id=441, 303.1325pt x 303.1325pt>
File: Images/StateOfArt/interactive_CAPTCHA.png Graphic file (type png)
<use Images/StateOfArt/interactive_CAPTCHA.png>
Package pdftex.def Info: Images/StateOfArt/interactive_CAPTCHA.png  used on inp
ut line 164.
(pdftex.def)             Requested size: 175.49881pt x 175.50244pt.
<Images/StateOfArt/math_CAPTCHA.png, id=443, 295.1025pt x 136.51pt>
File: Images/StateOfArt/math_CAPTCHA.png Graphic file (type png)
<use Images/StateOfArt/math_CAPTCHA.png>
Package pdftex.def Info: Images/StateOfArt/math_CAPTCHA.png  used on input line
 173.
(pdftex.def)             Requested size: 131.03825pt x 60.61656pt.
<Images/StateOfArt/math_CAPTCHA2.jpg, id=444, 390.70969pt x 376.40625pt>
File: Images/StateOfArt/math_CAPTCHA2.jpg Graphic file (type jpg)
<use Images/StateOfArt/math_CAPTCHA2.jpg>
Package pdftex.def Info: Images/StateOfArt/math_CAPTCHA2.jpg  used on input lin
e 179.
(pdftex.def)             Requested size: 131.03825pt x 126.24188pt.
<Images/StateOfArt/QRBGS.jpg, id=448, 206.57707pt x 112.56212pt>
File: Images/StateOfArt/QRBGS.jpg Graphic file (type jpg)
<use Images/StateOfArt/QRBGS.jpg>
Package pdftex.def Info: Images/StateOfArt/QRBGS.jpg  used on input line 188.
(pdftex.def)             Requested size: 234.00238pt x 127.51315pt.
[11 <./Images/StateOfArt/selection_CAPTCHA.jpg> <./Images/StateOfArt/selection_
CAPTCHA2.jpg> <./Images/StateOfArt/interactive_CAPTCHA.png>]

LaTeX Warning: `h' float specifier changed to `ht'.

[12 <./Images/StateOfArt/math_CAPTCHA.png> <./Images/StateOfArt/math_CAPTCHA2.j
pg>]
<Images/StateOfArt/taobao_CAPTCHA.png, id=469, 207.77625pt x 63.23625pt>
File: Images/StateOfArt/taobao_CAPTCHA.png Graphic file (type png)
<use Images/StateOfArt/taobao_CAPTCHA.png>
Package pdftex.def Info: Images/StateOfArt/taobao_CAPTCHA.png  used on input li
ne 204.
(pdftex.def)             Requested size: 149.75923pt x 45.58023pt.
<Images/StateOfArt/theyMakeApps_CAPTCHA.png, id=470, 331.2375pt x 155.3805pt>
File: Images/StateOfArt/theyMakeApps_CAPTCHA.png Graphic file (type png)
<use Images/StateOfArt/theyMakeApps_CAPTCHA.png>
Package pdftex.def Info: Images/StateOfArt/theyMakeApps_CAPTCHA.png  used on in
put line 211.
(pdftex.def)             Requested size: 149.75923pt x 70.25012pt.

Underfull \hbox (badness 10000) in paragraph at lines 212--212
[]\T1/cmr/m/n/10.95 (b) |\T1/cmr/m/n/10 Ex-am-ple of They-MakeApps.com
 []

[13 <./Images/StateOfArt/QRBGS.jpg> <./Images/StateOfArt/taobao_CAPTCHA.png> <.
/Images/StateOfArt/theyMakeApps_CAPTCHA.png>]
<Images/StateOfArt/text_CAPTCHA.png, id=483, 453.695pt x 286.06876pt>
File: Images/StateOfArt/text_CAPTCHA.png Graphic file (type png)
<use Images/StateOfArt/text_CAPTCHA.png>
Package pdftex.def Info: Images/StateOfArt/text_CAPTCHA.png  used on input line
 233.
(pdftex.def)             Requested size: 214.50119pt x 135.25113pt.
<Images/StateOfArt/video_CAPTCHA.jpg, id=490, 250.9375pt x 143.53625pt>
File: Images/StateOfArt/video_CAPTCHA.jpg Graphic file (type jpg)
<use Images/StateOfArt/video_CAPTCHA.jpg>
Package pdftex.def Info: Images/StateOfArt/video_CAPTCHA.jpg  used on input lin
e 245.
(pdftex.def)             Requested size: 187.19833pt x 107.08246pt.
<Images/StateOfArt/video_CAPTCHA2.jpg, id=491, 215.1293pt x 164.37224pt>
File: Images/StateOfArt/video_CAPTCHA2.jpg Graphic file (type jpg)
<use Images/StateOfArt/video_CAPTCHA2.jpg>
Package pdftex.def Info: Images/StateOfArt/video_CAPTCHA2.jpg  used on input li
ne 252.
(pdftex.def)             Requested size: 187.19833pt x 143.03278pt.
 [14 <./Images/StateOfArt/text_CAPTCHA.png>] [15 <./Images/StateOfArt/video_CAP
TCHA.jpg> <./Images/StateOfArt/video_CAPTCHA2.jpg>]
<Images/StateOfArt/noCAPTCHA.png, id=515, 238.64156pt x 67.0003pt>
File: Images/StateOfArt/noCAPTCHA.png Graphic file (type png)
<use Images/StateOfArt/noCAPTCHA.png>
Package pdftex.def Info: Images/StateOfArt/noCAPTCHA.png  used on input line 28
9.
(pdftex.def)             Requested size: 155.99762pt x 43.79707pt.
 [16 <./Images/StateOfArt/noCAPTCHA.png>] [17]
<Images/StateOfArt/CAPPCHA.png, id=536, 854.59274pt x 280.04625pt>
File: Images/StateOfArt/CAPPCHA.png Graphic file (type png)
<use Images/StateOfArt/CAPPCHA.png>
Package pdftex.def Info: Images/StateOfArt/CAPPCHA.png  used on input line 319.

(pdftex.def)             Requested size: 312.00119pt x 102.24379pt.

Overfull \hbox (8.77766pt too wide) in paragraph at lines 319--321
\T1/cmr/m/n/12 this is a way to en-force the PIN au-then-ti-ca-tion phase by mo
-bile phone[[]].
 []

[18 <./Images/StateOfArt/CAPPCHA.png>]
Overfull \hbox (5.84752pt too wide) in paragraph at lines 342--342
\T1/cmr/m/n/12 Segmentation tech-niques (e.g. ver-ti-cal his-togram, col-or-fil
l-ing, snake
 []


Overfull \hbox (4.36467pt too wide) in paragraph at lines 342--342
\T1/cmr/m/n/12 guess-ing the cor-rect an-swer. This at-tack is ef-fec-tive on C
APTCHAs
 []

[19]
Overfull \hbox (2.36502pt too wide) in paragraph at lines 357--361
[]\T1/cmr/bx/n/12 Trade-off be-tween Friction-heavy and Fric-tion-less CAPTCHAs
 
 []

LaTeX Font Info:    Font shape `OMS/cmr/m/n' in size <10> not available
(Font)              Font shape `OMS/cmsy/m/n' tried instead on input line 375.
) (Chapters/SideChannel.tex [20] [21] [22

]
Chapter 3.
[23]
Underfull \hbox (badness 10000) in paragraph at lines 28--32

 []

[24] [25]
Underfull \hbox (badness 10000) in paragraph at lines 71--74

 []

[26]
Overfull \hbox (11.08302pt too wide) in paragraph at lines 114--114
 [][] 
 []

[27] [28]

LaTeX Warning: `h' float specifier changed to `ht'.

) (Chapters/InvisibleCAPPCHA.tex [29] [30]
Chapter 4.

Overfull \hbox (13.26262pt too wide) in paragraph at lines 2--5
\T1/cmr/m/n/12 The \T1/cmr/m/it/12 In-vis-i-ble CAP-PCHA \T1/cmr/m/n/12 is an e
vo-lu-tion of CAP-PCHA, in terms of usability[[]].
 []

<Images/InvisibleCAPPCHA/vibration.jpg, id=633, 337.5009pt x 245.59755pt>
File: Images/InvisibleCAPPCHA/vibration.jpg Graphic file (type jpg)
<use Images/InvisibleCAPPCHA/vibration.jpg>
Package pdftex.def Info: Images/InvisibleCAPPCHA/vibration.jpg  used on input l
ine 19.
(pdftex.def)             Requested size: 312.00119pt x 227.03925pt.
<Images/InvisibleCAPPCHA/tap.jpg, id=634, 247.4043pt x 132.9768pt>
File: Images/InvisibleCAPPCHA/tap.jpg Graphic file (type jpg)
<use Images/InvisibleCAPPCHA/tap.jpg>
Package pdftex.def Info: Images/InvisibleCAPPCHA/tap.jpg  used on input line 24
.
(pdftex.def)             Requested size: 312.00119pt x 167.716pt.
[31

]

LaTeX Warning: `h' float specifier changed to `ht'.

[32 <./Images/InvisibleCAPPCHA/vibration.jpg>]
Overfull \hbox (19.69337pt too wide) in paragraph at lines 33--33
[]\T1/cmr/bx/n/14.4 Elliptic Curve Dig-i-tal Sig-na-ture Al-go-rithm (ECDSA) 
 []

[33 <./Images/InvisibleCAPPCHA/tap.jpg>]

LaTeX Warning: `h' float specifier changed to `ht'.


Underfull \hbox (badness 10000) in paragraph at lines 124--126

 []

[34] [35]) (Chapters/AcCAPPCHA.tex [36]
Chapter 5.
LaTeX Font Info:    Trying to load font information for T1+cmtt on input line 1
5.
(D:\Programs\Miktex\tex/latex/base\t1cmtt.fd
File: t1cmtt.fd 2014/09/29 v2.5h Standard LaTeX font definitions
) [37

] [38] [39]

LaTeX Warning: Float too large for page by 34.84406pt on input line 114.


LaTeX Warning: `h' float specifier changed to `ht'.

[40] [41]
<Images/AcCAPPCHA/hello35_time.png, id=787, 462.528pt x 346.896pt>
File: Images/AcCAPPCHA/hello35_time.png Graphic file (type png)
<use Images/AcCAPPCHA/hello35_time.png>
Package pdftex.def Info: Images/AcCAPPCHA/hello35_time.png  used on input line 
118.
(pdftex.def)             Requested size: 312.00119pt x 234.01236pt.
 [42

 <./Images/AcCAPPCHA/hello35_time.png>] [43] [44] [45]
<Images/AcCAPPCHA/feature_example.png, id=814, 462.528pt x 346.896pt>
File: Images/AcCAPPCHA/feature_example.png Graphic file (type png)
<use Images/AcCAPPCHA/feature_example.png>
Package pdftex.def Info: Images/AcCAPPCHA/feature_example.png  used on input li
ne 175.
(pdftex.def)             Requested size: 350.99762pt x 263.26257pt.
<Images/AcCAPPCHA/spectrogram.png, id=816, 462.528pt x 346.896pt>
File: Images/AcCAPPCHA/spectrogram.png Graphic file (type png)
<use Images/AcCAPPCHA/spectrogram.png>
Package pdftex.def Info: Images/AcCAPPCHA/spectrogram.png  used on input line 1
81.
(pdftex.def)             Requested size: 312.00119pt x 234.01236pt.

Underfull \vbox (badness 2418) has occurred while \output is active []

 [46 <./Images/AcCAPPCHA/feature_example.png>] [47 <./Images/AcCAPPCHA/spectrog
ram.png>]
[48]
<Images/AcCAPPCHA/client-server.png, id=842, 643.40375pt x 410.53375pt>
File: Images/AcCAPPCHA/client-server.png Graphic file (type png)
<use Images/AcCAPPCHA/client-server.png>
Package pdftex.def Info: Images/AcCAPPCHA/client-server.png  used on input line
 246.
(pdftex.def)             Requested size: 312.00119pt x 199.08357pt.
 [49] [50 <./Images/AcCAPPCHA/client-server.png>]
Underfull \hbox (badness 10000) in paragraph at lines 279--291

 []

[51] [52]
Overfull \hbox (6.35345pt too wide) in paragraph at lines 302--303
\T1/cmr/m/n/12 with \T1/cmr/m/it/12 m||n\T1/cmr/m/n/12 . If the com-par-i-son f
ails, the server replies $[]$
 []

[53]
LaTeX Font Info:    Font shape `T1/cmtt/bx/n' in size <10> not available
(Font)              Font shape `T1/cmtt/m/n' tried instead on input line 334.
<Images/arrow.png, id=897, 99.46838pt x 99.46838pt>
File: Images/arrow.png Graphic file (type png)
<use Images/arrow.png>
Package pdftex.def Info: Images/arrow.png  used on input line 334.
(pdftex.def)             Requested size: 14.22636pt x 14.22598pt.
<Images/AcCAPPCHA/no_db_html.png, id=898, 99.37125pt x 72.87225pt>
File: Images/AcCAPPCHA/no_db_html.png Graphic file (type png)
<use Images/AcCAPPCHA/no_db_html.png>
Package pdftex.def Info: Images/AcCAPPCHA/no_db_html.png  used on input line 33
4.
(pdftex.def)             Requested size: 79.4971pt x 58.29787pt.
File: Images/arrow.png Graphic file (type png)
<use Images/arrow.png>
Package pdftex.def Info: Images/arrow.png  used on input line 350.
(pdftex.def)             Requested size: 14.22636pt x 14.22598pt.
<Images/AcCAPPCHA/failure_html.png, id=899, 102.3825pt x 78.2925pt>
File: Images/AcCAPPCHA/failure_html.png Graphic file (type png)
<use Images/AcCAPPCHA/failure_html.png>
Package pdftex.def Info: Images/AcCAPPCHA/failure_html.png  used on input line 
350.
(pdftex.def)             Requested size: 81.9061pt x 62.63406pt.
File: Images/arrow.png Graphic file (type png)
<use Images/arrow.png>
Package pdftex.def Info: Images/arrow.png  used on input line 366.
(pdftex.def)             Requested size: 14.22636pt x 14.22598pt.
<Images/AcCAPPCHA/logged_html.png, id=900, 121.05225pt x 70.46326pt>
File: Images/AcCAPPCHA/logged_html.png Graphic file (type png)
<use Images/AcCAPPCHA/logged_html.png>
Package pdftex.def Info: Images/AcCAPPCHA/logged_html.png  used on input line 3
66.
(pdftex.def)             Requested size: 96.84192pt x 56.37067pt.


LaTeX Warning: `h' float specifier changed to `ht'.

[54 <./Images/arrow.png> <./Images/AcCAPPCHA/no_db_html.png> <./Images/AcCAPPCH
A/failure_html.png>] (D:\Programs\Miktex\tex/latex/listings\lstlang1.sty
File: lstlang1.sty 2019/09/10 1.8c listings language file
)
(../Code/PC/dat/db/db_creation.sql [55 <./Images/AcCAPPCHA/logged_html.png>])
(D:\Programs\Miktex\tex/latex/listings\lstlang1.sty
File: lstlang1.sty 2019/09/10 1.8c listings language file
)
(D:\Programs\Miktex\tex/latex/listings\lstlang1.sty
File: lstlang1.sty 2019/09/10 1.8c listings language file
) [56]
(D:\Programs\Miktex\tex/latex/listings\lstlang1.sty
File: lstlang1.sty 2019/09/10 1.8c listings language file
)
Underfull \hbox (badness 10000) in paragraph at lines 410--415

 []

) (Chapters/Results.tex [57] [58

]
Chapter 6.
[59]
<Images/Results/keyboard_less.jpg, id=1010, 6022.5pt x 1992.44376pt>
File: Images/Results/keyboard_less.jpg Graphic file (type jpg)
<use Images/Results/keyboard_less.jpg>
Package pdftex.def Info: Images/Results/keyboard_less.jpg  used on input line 2
9.
(pdftex.def)             Requested size: 272.99881pt x 90.29454pt.
 [60]
Overfull \hbox (18.77534pt too wide) in paragraph at lines 56--58
\T1/cmr/m/n/12 PCHA. I em-u-lated it us-ing sev-eral ap-proaches and us-ing the
 user-name \T1/cmtt/m/n/12 RaffaDNDM
 []

[61 <./Images/Results/keyboard_less.jpg>] [62] [63]
<Images/Results/Bot/silence.png, id=1087, 462.528pt x 346.896pt>
File: Images/Results/Bot/silence.png Graphic file (type png)
<use Images/Results/Bot/silence.png>
Package pdftex.def Info: Images/Results/Bot/silence.png  used on input line 136
.
(pdftex.def)             Requested size: 187.19833pt x 140.40211pt.
<Images/Results/TeamViewer/silence.png, id=1088, 462.528pt x 346.896pt>
File: Images/Results/TeamViewer/silence.png Graphic file (type png)
<use Images/Results/TeamViewer/silence.png>
Package pdftex.def Info: Images/Results/TeamViewer/silence.png  used on input l
ine 142.
(pdftex.def)             Requested size: 187.19833pt x 140.40211pt.
<Images/Results/Bot/noise.png, id=1089, 462.528pt x 346.896pt>
File: Images/Results/Bot/noise.png Graphic file (type png)
<use Images/Results/Bot/noise.png>
Package pdftex.def Info: Images/Results/Bot/noise.png  used on input line 151.
(pdftex.def)             Requested size: 187.19833pt x 140.40211pt.
<Images/Results/TeamViewer/noise.png, id=1090, 462.528pt x 346.896pt>
File: Images/Results/TeamViewer/noise.png Graphic file (type png)
<use Images/Results/TeamViewer/noise.png>
Package pdftex.def Info: Images/Results/TeamViewer/noise.png  used on input lin
e 157.
(pdftex.def)             Requested size: 187.19833pt x 140.40211pt.
 [64 <./Images/Results/Bot/silence.png> <./Images/Results/TeamViewer/silence.pn
g>] [65 <./Images/Results/Bot/noise.png> <./Images/Results/TeamViewer/noise.png
>]
Underfull \hbox (badness 10000) in paragraph at lines 180--184

 []

[66] [67]) (Chapters/Future.tex [68]
Chapter 7.
) (Chapters/KeyMap.tex
Underfull \hbox (badness 10000) in paragraph at lines 2--1

 []

[69

] [70

]
Appendix A.
<Images/KeyMapping/keyboard.jpg, id=1134, 6022.5pt x 1992.44376pt>
File: Images/KeyMapping/keyboard.jpg Graphic file (type jpg)
<use Images/KeyMapping/keyboard.jpg>
Package pdftex.def Info: Images/KeyMapping/keyboard.jpg  used on input line 5.
(pdftex.def)             Requested size: 350.99762pt x 116.10602pt.
<Images/KeyMapping/0.png, id=1135, 288.07625pt x 258.9675pt>
File: Images/KeyMapping/0.png Graphic file (type png)
<use Images/KeyMapping/0.png>
Package pdftex.def Info: Images/KeyMapping/0.png  used on input line 19.
(pdftex.def)             Requested size: 17.28381pt x 15.53737pt.
<Images/KeyMapping/0_INSERT.png, id=1136, 253.94875pt x 281.05pt>
File: Images/KeyMapping/0_INSERT.png Graphic file (type png)
<use Images/KeyMapping/0_INSERT.png>
Package pdftex.def Info: Images/KeyMapping/0_INSERT.png  used on input line 28.

(pdftex.def)             Requested size: 15.23627pt x 16.86226pt.
<Images/KeyMapping/1.png, id=1137, 300.12125pt x 264.99pt>
File: Images/KeyMapping/1.png Graphic file (type png)
<use Images/KeyMapping/1.png>
Package pdftex.def Info: Images/KeyMapping/1.png  used on input line 33.
(pdftex.def)             Requested size: 18.00648pt x 15.89871pt.
<Images/KeyMapping/1_END.png, id=1138, 252.945pt x 283.0575pt>
File: Images/KeyMapping/1_END.png Graphic file (type png)
<use Images/KeyMapping/1_END.png>
Package pdftex.def Info: Images/KeyMapping/1_END.png  used on input line 41.
(pdftex.def)             Requested size: 15.17604pt x 16.98271pt.
<Images/KeyMapping/2.png, id=1139, 298.11375pt x 268.00125pt>
File: Images/KeyMapping/2.png Graphic file (type png)
<use Images/KeyMapping/2.png>
Package pdftex.def Info: Images/KeyMapping/2.png  used on input line 46.
(pdftex.def)             Requested size: 17.88605pt x 16.07938pt.
<Images/KeyMapping/2_DOWN.png, id=1140, 251.94125pt x 283.0575pt>
File: Images/KeyMapping/2_DOWN.png Graphic file (type png)
<use Images/KeyMapping/2_DOWN.png>
Package pdftex.def Info: Images/KeyMapping/2_DOWN.png  used on input line 54.
(pdftex.def)             Requested size: 15.11581pt x 16.98271pt.
<Images/KeyMapping/3.png, id=1141, 293.095pt x 264.99pt>
File: Images/KeyMapping/3.png Graphic file (type png)
<use Images/KeyMapping/3.png>
Package pdftex.def Info: Images/KeyMapping/3.png  used on input line 59.
(pdftex.def)             Requested size: 17.58493pt x 15.89871pt.
<Images/KeyMapping/3_PAGE_DOWN.png, id=1142, 250.9375pt x 281.05pt>
File: Images/KeyMapping/3_PAGE_DOWN.png Graphic file (type png)
<use Images/KeyMapping/3_PAGE_DOWN.png>
Package pdftex.def Info: Images/KeyMapping/3_PAGE_DOWN.png  used on input line 
67.
(pdftex.def)             Requested size: 15.05559pt x 16.86226pt.
<Images/KeyMapping/4.png, id=1143, 290.08376pt x 264.99pt>
File: Images/KeyMapping/4.png Graphic file (type png)
<use Images/KeyMapping/4.png>
Package pdftex.def Info: Images/KeyMapping/4.png  used on input line 72.
(pdftex.def)             Requested size: 17.40427pt x 15.89871pt.
<Images/KeyMapping/4_LEFT.png, id=1144, 245.91875pt x 272.01625pt>
File: Images/KeyMapping/4_LEFT.png Graphic file (type png)
<use Images/KeyMapping/4_LEFT.png>
Package pdftex.def Info: Images/KeyMapping/4_LEFT.png  used on input line 80.
(pdftex.def)             Requested size: 14.75449pt x 16.32027pt.
<Images/KeyMapping/5.png, id=1145, 289.08pt x 262.9825pt>
File: Images/KeyMapping/5.png Graphic file (type png)
<use Images/KeyMapping/5.png>
Package pdftex.def Info: Images/KeyMapping/5.png  used on input line 85.
(pdftex.def)             Requested size: 17.34404pt x 15.77826pt.
<Images/KeyMapping/5_NUM.png, id=1146, 240.9pt x 276.03125pt>
File: Images/KeyMapping/5_NUM.png Graphic file (type png)
<use Images/KeyMapping/5_NUM.png>
Package pdftex.def Info: Images/KeyMapping/5_NUM.png  used on input line 93.
(pdftex.def)             Requested size: 14.45337pt x 16.56116pt.
<Images/KeyMapping/6.png, id=1147, 286.06876pt x 266.9975pt>
File: Images/KeyMapping/6.png Graphic file (type png)
<use Images/KeyMapping/6.png>
Package pdftex.def Info: Images/KeyMapping/6.png  used on input line 98.
(pdftex.def)             Requested size: 17.16338pt x 16.01915pt.

Underfull \vbox (badness 10000) detected at line 101
 []

<Images/KeyMapping/6_RIGHT.png, id=1148, 243.91125pt x 274.02374pt>
File: Images/KeyMapping/6_RIGHT.png Graphic file (type png)
<use Images/KeyMapping/6_RIGHT.png>
Package pdftex.def Info: Images/KeyMapping/6_RIGHT.png  used on input line 106.

(pdftex.def)             Requested size: 14.63403pt x 16.4407pt.
<Images/KeyMapping/7.png, id=1149, 287.0725pt x 265.99374pt>
File: Images/KeyMapping/7.png Graphic file (type png)
<use Images/KeyMapping/7.png>
Package pdftex.def Info: Images/KeyMapping/7.png  used on input line 111.
(pdftex.def)             Requested size: 17.2236pt x 15.95892pt.
<Images/KeyMapping/7_HOME.png, id=1150, 240.9pt x 262.9825pt>
File: Images/KeyMapping/7_HOME.png Graphic file (type png)
<use Images/KeyMapping/7_HOME.png>
Package pdftex.def Info: Images/KeyMapping/7_HOME.png  used on input line 119.
(pdftex.def)             Requested size: 14.45337pt x 15.77826pt.
<Images/KeyMapping/8.png, id=1151, 289.08pt x 262.9825pt>
File: Images/KeyMapping/8.png Graphic file (type png)
<use Images/KeyMapping/8.png>
Package pdftex.def Info: Images/KeyMapping/8.png  used on input line 124.
(pdftex.def)             Requested size: 17.34404pt x 15.77826pt.
<Images/KeyMapping/8_UP.png, id=1152, 242.9075pt x 261.97874pt>
File: Images/KeyMapping/8_UP.png Graphic file (type png)
<use Images/KeyMapping/8_UP.png>
Package pdftex.def Info: Images/KeyMapping/8_UP.png  used on input line 132.
(pdftex.def)             Requested size: 14.5738pt x 15.71803pt.
<Images/KeyMapping/9.png, id=1153, 287.0725pt x 271.0125pt>
File: Images/KeyMapping/9.png Graphic file (type png)
<use Images/KeyMapping/9.png>
Package pdftex.def Info: Images/KeyMapping/9.png  used on input line 137.
(pdftex.def)             Requested size: 17.2236pt x 16.26004pt.
<Images/KeyMapping/9_PAGE_UP.png, id=1154, 240.9pt x 264.99pt>
File: Images/KeyMapping/9_PAGE_UP.png Graphic file (type png)
<use Images/KeyMapping/9_PAGE_UP.png>
Package pdftex.def Info: Images/KeyMapping/9_PAGE_UP.png  used on input line 14
5.
(pdftex.def)             Requested size: 14.45337pt x 15.89871pt.
<Images/KeyMapping/a.png, id=1155, 306.14375pt x 280.04625pt>
File: Images/KeyMapping/a.png Graphic file (type png)
<use Images/KeyMapping/a.png>
Package pdftex.def Info: Images/KeyMapping/a.png  used on input line 150.
(pdftex.def)             Requested size: 18.36783pt x 16.80205pt.
<Images/KeyMapping/ALT.png, id=1156, 374.39874pt x 301.125pt>
File: Images/KeyMapping/ALT.png Graphic file (type png)
<use Images/KeyMapping/ALT.png>
Package pdftex.def Info: Images/KeyMapping/ALT.png  used on input line 156.
(pdftex.def)             Requested size: 22.46295pt x 18.06671pt.
<Images/KeyMapping/ALT_GR.png, id=1157, 299.1175pt x 299.1175pt>
File: Images/KeyMapping/ALT_GR.png Graphic file (type png)
<use Images/KeyMapping/ALT_GR.png>
Package pdftex.def Info: Images/KeyMapping/ALT_GR.png  used on input line 162.
(pdftex.def)             Requested size: 17.94627pt x 17.94627pt.
<Images/KeyMapping/APOSTROPHE.png, id=1158, 288.07625pt x 271.0125pt>
File: Images/KeyMapping/APOSTROPHE.png Graphic file (type png)
<use Images/KeyMapping/APOSTROPHE.png>
Package pdftex.def Info: Images/KeyMapping/APOSTROPHE.png  used on input line 1
68.
(pdftex.def)             Requested size: 17.28381pt x 16.26004pt.
<Images/KeyMapping/b.png, id=1159, 299.1175pt x 292.09125pt>
File: Images/KeyMapping/b.png Graphic file (type png)
<use Images/KeyMapping/b.png>
Package pdftex.def Info: Images/KeyMapping/b.png  used on input line 174.
(pdftex.def)             Requested size: 17.94627pt x 17.5247pt.
<Images/KeyMapping/BACKSLASH.png, id=1160, 437.635pt x 268.00125pt>
File: Images/KeyMapping/BACKSLASH.png Graphic file (type png)
<use Images/KeyMapping/BACKSLASH.png>
Package pdftex.def Info: Images/KeyMapping/BACKSLASH.png  used on input line 18
0.
(pdftex.def)             Requested size: 26.25696pt x 16.07938pt.
<Images/KeyMapping/BACKSPACE.png, id=1161, 523.9575pt x 268.00125pt>
File: Images/KeyMapping/BACKSPACE.png Graphic file (type png)
<use Images/KeyMapping/BACKSPACE.png>
Package pdftex.def Info: Images/KeyMapping/BACKSPACE.png  used on input line 18
6.
(pdftex.def)             Requested size: 31.43608pt x 16.07938pt.
<Images/KeyMapping/c.png, id=1162, 301.125pt x 286.06876pt>
File: Images/KeyMapping/c.png Graphic file (type png)
<use Images/KeyMapping/c.png>
Package pdftex.def Info: Images/KeyMapping/c.png  used on input line 192.
(pdftex.def)             Requested size: 18.06671pt x 17.16338pt.
<Images/KeyMapping/CAPS_LOCK.png, id=1163, 588.1975pt x 280.04625pt>
File: Images/KeyMapping/CAPS_LOCK.png Graphic file (type png)
<use Images/KeyMapping/CAPS_LOCK.png>
Package pdftex.def Info: Images/KeyMapping/CAPS_LOCK.png  used on input line 19
8.
(pdftex.def)             Requested size: 35.29031pt x 16.80205pt.
[71 <./Images/KeyMapping/keyboard.jpg> <./Images/KeyMapping/0.png> <./Images/Ke
yMapping/0_INSERT.png> <./Images/KeyMapping/1.png> <./Images/KeyMapping/1_END.p
ng> <./Images/KeyMapping/2.png> <./Images/KeyMapping/2_DOWN.png>]
<Images/KeyMapping/COMMA.png, id=1176, 303.1325pt x 291.0875pt>
File: Images/KeyMapping/COMMA.png Graphic file (type png)
<use Images/KeyMapping/COMMA.png>
Package pdftex.def Info: Images/KeyMapping/COMMA.png  used on input line 204.
(pdftex.def)             Requested size: 18.18716pt x 17.4645pt.
<Images/KeyMapping/CTRL.png, id=1177, 564.1075pt x 301.125pt>
File: Images/KeyMapping/CTRL.png Graphic file (type png)
<use Images/KeyMapping/CTRL.png>
Package pdftex.def Info: Images/KeyMapping/CTRL.png  used on input line 210.
(pdftex.def)             Requested size: 33.84499pt x 18.06671pt.
<Images/KeyMapping/CTRL_R.png, id=1178, 304.13625pt x 286.06876pt>
File: Images/KeyMapping/CTRL_R.png Graphic file (type png)
<use Images/KeyMapping/CTRL_R.png>
Package pdftex.def Info: Images/KeyMapping/CTRL_R.png  used on input line 216.
(pdftex.def)             Requested size: 18.24738pt x 17.16338pt.
<Images/KeyMapping/d.png, id=1179, 297.11pt x 280.04625pt>
File: Images/KeyMapping/d.png Graphic file (type png)
<use Images/KeyMapping/d.png>
Package pdftex.def Info: Images/KeyMapping/d.png  used on input line 222.
(pdftex.def)             Requested size: 17.82582pt x 16.80205pt.
<Images/KeyMapping/DELETE.png, id=1180, 231.86626pt x 166.6225pt>
File: Images/KeyMapping/DELETE.png Graphic file (type png)
<use Images/KeyMapping/DELETE.png>
Package pdftex.def Info: Images/KeyMapping/DELETE.png  used on input line 228.
(pdftex.def)             Requested size: 13.91136pt x 9.99692pt.
<Images/KeyMapping/DOWN.png, id=1181, 307.1475pt x 289.08pt>
File: Images/KeyMapping/DOWN.png Graphic file (type png)
<use Images/KeyMapping/DOWN.png>
Package pdftex.def Info: Images/KeyMapping/DOWN.png  used on input line 234.
(pdftex.def)             Requested size: 18.42804pt x 17.34404pt.
<Images/KeyMapping/e.png, id=1182, 297.11pt x 271.0125pt>
File: Images/KeyMapping/e.png Graphic file (type png)
<use Images/KeyMapping/e.png>
Package pdftex.def Info: Images/KeyMapping/e.png  used on input line 240.
(pdftex.def)             Requested size: 17.82582pt x 16.26004pt.
<Images/KeyMapping/ENTER.png, id=1183, 711.65875pt x 302.12875pt>
File: Images/KeyMapping/ENTER.png Graphic file (type png)
<use Images/KeyMapping/ENTER.png>
Package pdftex.def Info: Images/KeyMapping/ENTER.png  used on input line 246.
(pdftex.def)             Requested size: 42.69768pt x 18.12694pt.
<Images/KeyMapping/ENTER_R.png, id=1184, 287.0725pt x 578.16pt>
File: Images/KeyMapping/ENTER_R.png Graphic file (type png)
<use Images/KeyMapping/ENTER_R.png>
Package pdftex.def Info: Images/KeyMapping/ENTER_R.png  used on input line 252.

(pdftex.def)             Requested size: 17.2236pt x 34.6881pt.
<Images/KeyMapping/ESC.png, id=1185, 266.9975pt x 174.6525pt>
File: Images/KeyMapping/ESC.png Graphic file (type png)
<use Images/KeyMapping/ESC.png>
Package pdftex.def Info: Images/KeyMapping/ESC.png  used on input line 258.
(pdftex.def)             Requested size: 16.01915pt x 10.47868pt.
<Images/KeyMapping/f.png, id=1186, 293.095pt x 282.05376pt>
File: Images/KeyMapping/f.png Graphic file (type png)
<use Images/KeyMapping/f.png>
Package pdftex.def Info: Images/KeyMapping/f.png  used on input line 264.
(pdftex.def)             Requested size: 17.58493pt x 16.92249pt.
<Images/KeyMapping/F1.png, id=1187, 258.9675pt x 172.645pt>
File: Images/KeyMapping/F1.png Graphic file (type png)
<use Images/KeyMapping/F1.png>
Package pdftex.def Info: Images/KeyMapping/F1.png  used on input line 270.
(pdftex.def)             Requested size: 15.53737pt x 10.35825pt.
<Images/KeyMapping/F2.png, id=1188, 257.96375pt x 170.6375pt>
File: Images/KeyMapping/F2.png Graphic file (type png)
<use Images/KeyMapping/F2.png>
Package pdftex.def Info: Images/KeyMapping/F2.png  used on input line 276.
(pdftex.def)             Requested size: 15.47714pt x 10.2378pt.
<Images/KeyMapping/F3.png, id=1189, 263.98625pt x 173.64874pt>
File: Images/KeyMapping/F3.png Graphic file (type png)
<use Images/KeyMapping/F3.png>
Package pdftex.def Info: Images/KeyMapping/F3.png  used on input line 282.
(pdftex.def)             Requested size: 15.83849pt x 10.41847pt.
<Images/KeyMapping/F4.png, id=1190, 257.96375pt x 167.62625pt>
File: Images/KeyMapping/F4.png Graphic file (type png)
<use Images/KeyMapping/F4.png>
Package pdftex.def Info: Images/KeyMapping/F4.png  used on input line 288.
(pdftex.def)             Requested size: 15.47714pt x 10.05713pt.
<Images/KeyMapping/F5.png, id=1191, 257.96375pt x 177.66376pt>
File: Images/KeyMapping/F5.png Graphic file (type png)
<use Images/KeyMapping/F5.png>
Package pdftex.def Info: Images/KeyMapping/F5.png  used on input line 294.
(pdftex.def)             Requested size: 15.47714pt x 10.65936pt.
<Images/KeyMapping/F6.png, id=1192, 261.97874pt x 176.66pt>
File: Images/KeyMapping/F6.png Graphic file (type png)
<use Images/KeyMapping/F6.png>
Package pdftex.def Info: Images/KeyMapping/F6.png  used on input line 300.
(pdftex.def)             Requested size: 15.71803pt x 10.59914pt.
<Images/KeyMapping/F7.png, id=1193, 263.98625pt x 178.6675pt>
File: Images/KeyMapping/F7.png Graphic file (type png)
<use Images/KeyMapping/F7.png>
Package pdftex.def Info: Images/KeyMapping/F7.png  used on input line 306.
(pdftex.def)             Requested size: 15.83849pt x 10.71957pt.
<Images/KeyMapping/F8.png, id=1194, 255.95625pt x 171.64125pt>
File: Images/KeyMapping/F8.png Graphic file (type png)
<use Images/KeyMapping/F8.png>
Package pdftex.def Info: Images/KeyMapping/F8.png  used on input line 312.
(pdftex.def)             Requested size: 15.3567pt x 10.29802pt.
<Images/KeyMapping/F9.png, id=1195, 258.9675pt x 170.6375pt>
File: Images/KeyMapping/F9.png Graphic file (type png)
<use Images/KeyMapping/F9.png>
Package pdftex.def Info: Images/KeyMapping/F9.png  used on input line 318.
(pdftex.def)             Requested size: 15.53737pt x 10.2378pt.
 [72 <./Images/KeyMapping/3.png> <./Images/KeyMapping/3_PAGE_DOWN.png> <./Image
s/KeyMapping/4.png> <./Images/KeyMapping/4_LEFT.png> <./Images/KeyMapping/5.png
> <./Images/KeyMapping/5_NUM.png> <./Images/KeyMapping/6.png> <./Images/KeyMapp
ing/6_RIGHT.png> <./Images/KeyMapping/7.png> <./Images/KeyMapping/7_HOME.png> <
./Images/KeyMapping/8.png> <./Images/KeyMapping/8_UP.png> <./Images/KeyMapping/
9.png> <./Images/KeyMapping/9_PAGE_UP.png> <./Images/KeyMapping/a.png> <./Image
s/KeyMapping/ALT.png> <./Images/KeyMapping/ALT_GR.png> <./Images/KeyMapping/APO
STROPHE.png> <./Images/KeyMapping/b.png>]
<Images/KeyMapping/F10.png, id=1219, 255.95625pt x 166.6225pt>
File: Images/KeyMapping/F10.png Graphic file (type png)
<use Images/KeyMapping/F10.png>
Package pdftex.def Info: Images/KeyMapping/F10.png  used on input line 324.
(pdftex.def)             Requested size: 15.3567pt x 9.99692pt.
<Images/KeyMapping/F11.png, id=1220, 252.945pt x 168.63pt>
File: Images/KeyMapping/F11.png Graphic file (type png)
<use Images/KeyMapping/F11.png>
Package pdftex.def Info: Images/KeyMapping/F11.png  used on input line 330.
(pdftex.def)             Requested size: 15.17604pt x 10.11736pt.
<Images/KeyMapping/F12.png, id=1221, 256.96pt x 172.645pt>
File: Images/KeyMapping/F12.png Graphic file (type png)
<use Images/KeyMapping/F12.png>
Package pdftex.def Info: Images/KeyMapping/F12.png  used on input line 336.
(pdftex.def)             Requested size: 15.41693pt x 10.35825pt.
<Images/KeyMapping/FN.png, id=1222, 319.1925pt x 301.125pt>
File: Images/KeyMapping/FN.png Graphic file (type png)
<use Images/KeyMapping/FN.png>
Package pdftex.def Info: Images/KeyMapping/FN.png  used on input line 342.
(pdftex.def)             Requested size: 19.15071pt x 18.06671pt.
<Images/KeyMapping/g.png, id=1223, 296.10625pt x 277.035pt>
File: Images/KeyMapping/g.png Graphic file (type png)
<use Images/KeyMapping/g.png>
Package pdftex.def Info: Images/KeyMapping/g.png  used on input line 348.
(pdftex.def)             Requested size: 17.7656pt x 16.62137pt.
<Images/KeyMapping/h.png, id=1224, 289.08pt x 279.0425pt>
File: Images/KeyMapping/h.png Graphic file (type png)
<use Images/KeyMapping/h.png>
Package pdftex.def Info: Images/KeyMapping/h.png  used on input line 354.
(pdftex.def)             Requested size: 17.34404pt x 16.74182pt.
<Images/KeyMapping/i.png, id=1225, 286.06876pt x 275.0275pt>
File: Images/KeyMapping/i.png Graphic file (type png)
<use Images/KeyMapping/i.png>
Package pdftex.def Info: Images/KeyMapping/i.png  used on input line 360.
(pdftex.def)             Requested size: 17.16338pt x 16.50093pt.
<Images/KeyMapping/INSERT.png, id=1226, 236.885pt x 168.63pt>
File: Images/KeyMapping/INSERT.png Graphic file (type png)
<use Images/KeyMapping/INSERT.png>
Package pdftex.def Info: Images/KeyMapping/INSERT.png  used on input line 366.
(pdftex.def)             Requested size: 14.21248pt x 10.11736pt.
<Images/KeyMapping/j.png, id=1227, 295.1025pt x 277.035pt>
File: Images/KeyMapping/j.png Graphic file (type png)
<use Images/KeyMapping/j.png>
Package pdftex.def Info: Images/KeyMapping/j.png  used on input line 372.
(pdftex.def)             Requested size: 17.70538pt x 16.62137pt.
<Images/KeyMapping/k.png, id=1228, 292.09125pt x 278.03876pt>
File: Images/KeyMapping/k.png Graphic file (type png)
<use Images/KeyMapping/k.png>
Package pdftex.def Info: Images/KeyMapping/k.png  used on input line 378.
(pdftex.def)             Requested size: 17.5247pt x 16.6816pt.
<Images/KeyMapping/l.png, id=1229, 292.09125pt x 280.04625pt>
File: Images/KeyMapping/l.png Graphic file (type png)
<use Images/KeyMapping/l.png>
Package pdftex.def Info: Images/KeyMapping/l.png  used on input line 384.
(pdftex.def)             Requested size: 17.5247pt x 16.80205pt.
<Images/KeyMapping/LEFT.png, id=1230, 309.155pt x 294.09875pt>
File: Images/KeyMapping/LEFT.png Graphic file (type png)
<use Images/KeyMapping/LEFT.png>
Package pdftex.def Info: Images/KeyMapping/LEFT.png  used on input line 390.
(pdftex.def)             Requested size: 18.5485pt x 17.64516pt.
<Images/KeyMapping/LOWER.png, id=1231, 304.13625pt x 304.13625pt>
File: Images/KeyMapping/LOWER.png Graphic file (type png)
<use Images/KeyMapping/LOWER.png>
Package pdftex.def Info: Images/KeyMapping/LOWER.png  used on input line 396.
(pdftex.def)             Requested size: 18.24738pt x 18.24738pt.
<Images/KeyMapping/m.png, id=1232, 303.1325pt x 289.08pt>
File: Images/KeyMapping/m.png Graphic file (type png)
<use Images/KeyMapping/m.png>
Package pdftex.def Info: Images/KeyMapping/m.png  used on input line 402.
(pdftex.def)             Requested size: 18.18716pt x 17.34404pt.
<Images/KeyMapping/MINUS.png, id=1233, 308.15125pt x 289.08pt>
File: Images/KeyMapping/MINUS.png Graphic file (type png)
<use Images/KeyMapping/MINUS.png>
Package pdftex.def Info: Images/KeyMapping/MINUS.png  used on input line 408.
(pdftex.def)             Requested size: 18.48827pt x 17.34404pt.
<Images/KeyMapping/MINUS_R.png, id=1234, 243.91125pt x 255.95625pt>
File: Images/KeyMapping/MINUS_R.png Graphic file (type png)
<use Images/KeyMapping/MINUS_R.png>
Package pdftex.def Info: Images/KeyMapping/MINUS_R.png  used on input line 414.

(pdftex.def)             Requested size: 14.63403pt x 15.3567pt.
<Images/KeyMapping/n.png, id=1235, 302.12875pt x 291.0875pt>
File: Images/KeyMapping/n.png Graphic file (type png)
<use Images/KeyMapping/n.png>
Package pdftex.def Info: Images/KeyMapping/n.png  used on input line 420.
(pdftex.def)             Requested size: 18.12694pt x 17.4645pt.
<Images/KeyMapping/NUM_LOCK.png, id=1236, 244.915pt x 263.98625pt>
File: Images/KeyMapping/NUM_LOCK.png Graphic file (type png)
<use Images/KeyMapping/NUM_LOCK.png>
Package pdftex.def Info: Images/KeyMapping/NUM_LOCK.png  used on input line 426
.
(pdftex.def)             Requested size: 14.69426pt x 15.83849pt.
<Images/KeyMapping/o.png, id=1237, 292.09125pt x 275.0275pt>
File: Images/KeyMapping/o.png Graphic file (type png)
<use Images/KeyMapping/o.png>
Package pdftex.def Info: Images/KeyMapping/o.png  used on input line 432.
(pdftex.def)             Requested size: 17.5247pt x 16.50093pt.
<Images/KeyMapping/p.png, id=1238, 292.09125pt x 271.0125pt>
File: Images/KeyMapping/p.png Graphic file (type png)
<use Images/KeyMapping/p.png>
Package pdftex.def Info: Images/KeyMapping/p.png  used on input line 438.
(pdftex.def)             Requested size: 17.5247pt x 16.26004pt.
 [73 <./Images/KeyMapping/BACKSLASH.png> <./Images/KeyMapping/BACKSPACE.png> <.
/Images/KeyMapping/c.png> <./Images/KeyMapping/CAPS_LOCK.png> <./Images/KeyMapp
ing/COMMA.png> <./Images/KeyMapping/CTRL.png> <./Images/KeyMapping/CTRL_R.png> 
<./Images/KeyMapping/d.png> <./Images/KeyMapping/DELETE.png> <./Images/KeyMappi
ng/DOWN.png> <./Images/KeyMapping/e.png> <./Images/KeyMapping/ENTER.png> <./Ima
ges/KeyMapping/ENTER_R.png> <./Images/KeyMapping/ESC.png> <./Images/KeyMapping/
f.png> <./Images/KeyMapping/F1.png> <./Images/KeyMapping/F2.png> <./Images/KeyM
apping/F3.png> <./Images/KeyMapping/F4.png> <./Images/KeyMapping/F5.png> <./Ima
ges/KeyMapping/F6.png>]
<Images/KeyMapping/PAGE_DOWN.png, id=1264, 229.85875pt x 167.62625pt>
File: Images/KeyMapping/PAGE_DOWN.png Graphic file (type png)
<use Images/KeyMapping/PAGE_DOWN.png>
Package pdftex.def Info: Images/KeyMapping/PAGE_DOWN.png  used on input line 44
4.
(pdftex.def)             Requested size: 13.79092pt x 10.05713pt.
<Images/KeyMapping/PAGE_UP.png, id=1265, 232.87pt x 167.62625pt>
File: Images/KeyMapping/PAGE_UP.png Graphic file (type png)
<use Images/KeyMapping/PAGE_UP.png>
Package pdftex.def Info: Images/KeyMapping/PAGE_UP.png  used on input line 450.

(pdftex.def)             Requested size: 13.97159pt x 10.05713pt.
<Images/KeyMapping/PAUSE.png, id=1266, 251.94125pt x 170.6375pt>
File: Images/KeyMapping/PAUSE.png Graphic file (type png)
<use Images/KeyMapping/PAUSE.png>
Package pdftex.def Info: Images/KeyMapping/PAUSE.png  used on input line 456.
(pdftex.def)             Requested size: 15.11581pt x 10.2378pt.
<Images/KeyMapping/PLUS.png, id=1267, 296.10625pt x 271.0125pt>
File: Images/KeyMapping/PLUS.png Graphic file (type png)
<use Images/KeyMapping/PLUS.png>
Package pdftex.def Info: Images/KeyMapping/PLUS.png  used on input line 462.
(pdftex.def)             Requested size: 17.7656pt x 16.26004pt.
<Images/KeyMapping/PLUS_R.png, id=1268, 280.04625pt x 551.05875pt>
File: Images/KeyMapping/PLUS_R.png Graphic file (type png)
<use Images/KeyMapping/PLUS_R.png>
Package pdftex.def Info: Images/KeyMapping/PLUS_R.png  used on input line 468.
(pdftex.def)             Requested size: 16.80205pt x 33.06209pt.
<Images/KeyMapping/POINT.png, id=1269, 305.14pt x 287.0725pt>
File: Images/KeyMapping/POINT.png Graphic file (type png)
<use Images/KeyMapping/POINT.png>
Package pdftex.def Info: Images/KeyMapping/POINT.png  used on input line 474.
(pdftex.def)             Requested size: 18.3076pt x 17.2236pt.
File: Images/KeyMapping/9_PAGE_UP.png Graphic file (type png)
<use Images/KeyMapping/9_PAGE_UP.png>
Package pdftex.def Info: Images/KeyMapping/9_PAGE_UP.png  used on input line 48
2.
(pdftex.def)             Requested size: 14.45337pt x 15.89871pt.
<Images/KeyMapping/PRINT_SCREEN.png, id=1270, 256.96pt x 177.66376pt>
File: Images/KeyMapping/PRINT_SCREEN.png Graphic file (type png)
<use Images/KeyMapping/PRINT_SCREEN.png>
Package pdftex.def Info: Images/KeyMapping/PRINT_SCREEN.png  used on input line
 487.
(pdftex.def)             Requested size: 15.41693pt x 10.65936pt.
<Images/KeyMapping/q.png, id=1271, 299.1175pt x 276.03125pt>
File: Images/KeyMapping/q.png Graphic file (type png)
<use Images/KeyMapping/q.png>
Package pdftex.def Info: Images/KeyMapping/q.png  used on input line 493.
(pdftex.def)             Requested size: 17.94627pt x 16.56116pt.
<Images/KeyMapping/r.png, id=1272, 292.09125pt x 273.02pt>
File: Images/KeyMapping/r.png Graphic file (type png)
<use Images/KeyMapping/r.png>
Package pdftex.def Info: Images/KeyMapping/r.png  used on input line 499.
(pdftex.def)             Requested size: 17.5247pt x 16.3805pt.
<Images/KeyMapping/RIGHT.png, id=1273, 300.12125pt x 288.07625pt>
File: Images/KeyMapping/RIGHT.png Graphic file (type png)
<use Images/KeyMapping/RIGHT.png>
Package pdftex.def Info: Images/KeyMapping/RIGHT.png  used on input line 505.
(pdftex.def)             Requested size: 18.00648pt x 17.28381pt.
<Images/KeyMapping/s.png, id=1274, 297.11pt x 284.06125pt>
File: Images/KeyMapping/s.png Graphic file (type png)
<use Images/KeyMapping/s.png>
Package pdftex.def Info: Images/KeyMapping/s.png  used on input line 511.
(pdftex.def)             Requested size: 17.82582pt x 17.04294pt.
<Images/KeyMapping/SCROLL_LOCK.png, id=1275, 253.94875pt x 168.63pt>
File: Images/KeyMapping/SCROLL_LOCK.png Graphic file (type png)
<use Images/KeyMapping/SCROLL_LOCK.png>
Package pdftex.def Info: Images/KeyMapping/SCROLL_LOCK.png  used on input line 
517.
(pdftex.def)             Requested size: 15.23627pt x 10.11736pt.
<Images/KeyMapping/SHIFT.png, id=1276, 754.82pt x 299.1175pt>
File: Images/KeyMapping/SHIFT.png Graphic file (type png)
<use Images/KeyMapping/SHIFT.png>
Package pdftex.def Info: Images/KeyMapping/SHIFT.png  used on input line 523.
(pdftex.def)             Requested size: 45.28725pt x 17.94627pt.
<Images/KeyMapping/SHIFT_R.png, id=1277, 555.07375pt x 289.08pt>
File: Images/KeyMapping/SHIFT_R.png Graphic file (type png)
<use Images/KeyMapping/SHIFT_R.png>
Package pdftex.def Info: Images/KeyMapping/SHIFT_R.png  used on input line 529.

(pdftex.def)             Requested size: 33.30298pt x 17.34404pt.
<Images/KeyMapping/SLASH.png, id=1278, 243.91125pt x 265.99374pt>
File: Images/KeyMapping/SLASH.png Graphic file (type png)
<use Images/KeyMapping/SLASH.png>
Package pdftex.def Info: Images/KeyMapping/SLASH.png  used on input line 535.
(pdftex.def)             Requested size: 14.63403pt x 15.95892pt.
<Images/KeyMapping/SPACE.png, id=1279, 1657.19125pt x 295.1025pt>
File: Images/KeyMapping/SPACE.png Graphic file (type png)
<use Images/KeyMapping/SPACE.png>
Package pdftex.def Info: Images/KeyMapping/SPACE.png  used on input line 541.
(pdftex.def)             Requested size: 99.42719pt x 17.70538pt.
<Images/KeyMapping/STAR.png, id=1280, 248.93pt x 260.975pt>
File: Images/KeyMapping/STAR.png Graphic file (type png)
<use Images/KeyMapping/STAR.png>
Package pdftex.def Info: Images/KeyMapping/STAR.png  used on input line 547.
(pdftex.def)             Requested size: 14.93515pt x 15.65782pt.
<Images/KeyMapping/t.png, id=1281, 295.1025pt x 277.035pt>
File: Images/KeyMapping/t.png Graphic file (type png)
<use Images/KeyMapping/t.png>
Package pdftex.def Info: Images/KeyMapping/t.png  used on input line 553.
(pdftex.def)             Requested size: 17.70538pt x 16.62137pt.
 [74 <./Images/KeyMapping/F7.png> <./Images/KeyMapping/F8.png> <./Images/KeyMap
ping/F9.png> <./Images/KeyMapping/F10.png> <./Images/KeyMapping/F11.png> <./Ima
ges/KeyMapping/F12.png> <./Images/KeyMapping/FN.png> <./Images/KeyMapping/g.png
> <./Images/KeyMapping/h.png> <./Images/KeyMapping/i.png> <./Images/KeyMapping/
INSERT.png> <./Images/KeyMapping/j.png> <./Images/KeyMapping/k.png> <./Images/K
eyMapping/l.png> <./Images/KeyMapping/LEFT.png> <./Images/KeyMapping/LOWER.png>
 <./Images/KeyMapping/m.png> <./Images/KeyMapping/MINUS.png> <./Images/KeyMappi
ng/MINUS_R.png> <./Images/KeyMapping/n.png> <./Images/KeyMapping/NUM_LOCK.png>]
<Images/KeyMapping/TAB.png, id=1307, 494.84875pt x 279.0425pt>
File: Images/KeyMapping/TAB.png Graphic file (type png)
<use Images/KeyMapping/TAB.png>
Package pdftex.def Info: Images/KeyMapping/TAB.png  used on input line 559.
(pdftex.def)             Requested size: 29.68964pt x 16.74182pt.
<Images/KeyMapping/u.png, id=1308, 286.06876pt x 264.99pt>
File: Images/KeyMapping/u.png Graphic file (type png)
<use Images/KeyMapping/u.png>
Package pdftex.def Info: Images/KeyMapping/u.png  used on input line 565.
(pdftex.def)             Requested size: 17.16338pt x 15.89871pt.
<Images/KeyMapping/UP.png, id=1309, 302.12875pt x 297.11pt>
File: Images/KeyMapping/UP.png Graphic file (type png)
<use Images/KeyMapping/UP.png>
Package pdftex.def Info: Images/KeyMapping/UP.png  used on input line 571.
(pdftex.def)             Requested size: 18.12694pt x 17.82582pt.
<Images/KeyMapping/v.png, id=1310, 301.125pt x 293.095pt>
File: Images/KeyMapping/v.png Graphic file (type png)
<use Images/KeyMapping/v.png>
Package pdftex.def Info: Images/KeyMapping/v.png  used on input line 577.
(pdftex.def)             Requested size: 18.06671pt x 17.58493pt.
<Images/KeyMapping/w.png, id=1311, 301.125pt x 278.03876pt>
File: Images/KeyMapping/w.png Graphic file (type png)
<use Images/KeyMapping/w.png>
Package pdftex.def Info: Images/KeyMapping/w.png  used on input line 583.
(pdftex.def)             Requested size: 18.06671pt x 16.6816pt.
<Images/KeyMapping/WINDOWS.png, id=1312, 302.12875pt x 291.0875pt>
File: Images/KeyMapping/WINDOWS.png Graphic file (type png)
<use Images/KeyMapping/WINDOWS.png>
Package pdftex.def Info: Images/KeyMapping/WINDOWS.png  used on input line 589.

(pdftex.def)             Requested size: 18.12694pt x 17.4645pt.
<Images/KeyMapping/x.png, id=1313, 313.17pt x 295.1025pt>
File: Images/KeyMapping/x.png Graphic file (type png)
<use Images/KeyMapping/x.png>
Package pdftex.def Info: Images/KeyMapping/x.png  used on input line 595.
(pdftex.def)             Requested size: 18.78938pt x 17.70538pt.
<Images/KeyMapping/y.png, id=1314, 293.095pt x 276.03125pt>
File: Images/KeyMapping/y.png Graphic file (type png)
<use Images/KeyMapping/y.png>
Package pdftex.def Info: Images/KeyMapping/y.png  used on input line 601.
(pdftex.def)             Requested size: 17.58493pt x 16.56116pt.
<Images/KeyMapping/z.png, id=1315, 319.1925pt x 293.095pt>
File: Images/KeyMapping/z.png Graphic file (type png)
<use Images/KeyMapping/z.png>
Package pdftex.def Info: Images/KeyMapping/z.png  used on input line 607.
(pdftex.def)             Requested size: 19.15071pt x 17.58493pt.
<Images/KeyMapping/.png, id=1316, 292.09125pt x 270.00874pt>
File: Images/KeyMapping/.png Graphic file (type png)
<use Images/KeyMapping/.png>
Package pdftex.def Info: Images/KeyMapping/.png  used on input line 613.
(pdftex.def)             Requested size: 17.5247pt x 16.19981pt.
<Images/KeyMapping/.png, id=1317, 298.11375pt x 271.0125pt>
File: Images/KeyMapping/.png Graphic file (type png)
<use Images/KeyMapping/.png>
Package pdftex.def Info: Images/KeyMapping/.png  used on input line 619.
(pdftex.def)             Requested size: 17.88605pt x 16.26004pt.
<Images/KeyMapping/.png, id=1318, 290.08376pt x 260.975pt>
File: Images/KeyMapping/.png Graphic file (type png)
<use Images/KeyMapping/.png>
Package pdftex.def Info: Images/KeyMapping/.png  used on input line 625.
(pdftex.def)             Requested size: 17.40427pt x 15.65782pt.
<Images/KeyMapping/.png, id=1319, 299.1175pt x 279.0425pt>
File: Images/KeyMapping/.png Graphic file (type png)
<use Images/KeyMapping/.png>
Package pdftex.def Info: Images/KeyMapping/.png  used on input line 631.
(pdftex.def)             Requested size: 17.94627pt x 16.74182pt.
<Images/KeyMapping/.png, id=1320, 493.845pt x 294.09875pt>
File: Images/KeyMapping/.png Graphic file (type png)
<use Images/KeyMapping/.png>
Package pdftex.def Info: Images/KeyMapping/.png  used on input line 637.
(pdftex.def)             Requested size: 29.62941pt x 17.64516pt.
 [75 <./Images/KeyMapping/o.png> <./Images/KeyMapping/p.png> <./Images/KeyMappi
ng/PAGE_DOWN.png> <./Images/KeyMapping/PAGE_UP.png> <./Images/KeyMapping/PAUSE.
png> <./Images/KeyMapping/PLUS.png> <./Images/KeyMapping/PLUS_R.png> <./Images/
KeyMapping/POINT.png> <./Images/KeyMapping/PRINT_SCREEN.png> <./Images/KeyMappi
ng/q.png> <./Images/KeyMapping/r.png> <./Images/KeyMapping/RIGHT.png> <./Images
/KeyMapping/s.png> <./Images/KeyMapping/SCROLL_LOCK.png> <./Images/KeyMapping/S
HIFT.png> <./Images/KeyMapping/SHIFT_R.png> <./Images/KeyMapping/SLASH.png> <./
Images/KeyMapping/SPACE.png> <./Images/KeyMapping/STAR.png>]) (Chapters/Program
.tex [76 <./Images/KeyMapping/t.png> <./Images/KeyMapping/TAB.png> <./Images/Ke
yMapping/u.png> <./Images/KeyMapping/UP.png> <./Images/KeyMapping/v.png> <./Ima
ges/KeyMapping/w.png> <./Images/KeyMapping/WINDOWS.png> <./Images/KeyMapping/x.
png> <./Images/KeyMapping/y.png> <./Images/KeyMapping/z.png> <./Images/KeyMappi
ng/.png> <./Images/KeyMapping/.png> <./Images/KeyMapping/.png> <./Images/
KeyMapping/.png> <./Images/KeyMapping/.png>]
Appendix B.

Overfull \hbox (12.75473pt too wide) in alignment at lines 8--31
 [] [] 
 []


Underfull \vbox (badness 10000) detected at line 31
 []


Overfull \hbox (12.75473pt too wide) in alignment at lines 31--39
 [] [] 
 []

[77

]
Underfull \vbox (badness 10000) detected at line 67
 []

[78]
Overfull \hbox (12.25485pt too wide) in paragraph at lines 73--81
 [][] 
 []

) (Chapters/Bibliography.tex [79] [80

] [81]
Underfull \hbox (badness 2547) in paragraph at lines 24--25
[]\T1/cmr/m/n/12 Ved Prakash Singh, Preet Pal, "Sur-vey of Dif-fer-ent Types of

 []


Underfull \hbox (badness 1132) in paragraph at lines 26--27
[]\T1/cmr/m/n/12 Goswami G, Pow-ell BM, Vatsa M, Singh R, Noore A, "FaceD-
 []


Underfull \hbox (badness 3068) in paragraph at lines 32--33
[]\T1/cmr/m/n/12 Carlos Javier Hernandez-Castro, Ar-turo Rib-agorda, "Pit-falls
 in
 []

[82] [83]) (Chapters/Acknowledgements.tex [84])
Underfull \hbox (badness 10000) in paragraph at lines 4--159

 []


Underfull \hbox (badness 10000) in paragraph at lines 4--159

 []


Underfull \hbox (badness 10000) in paragraph at lines 4--159

 []


Underfull \hbox (badness 10000) in paragraph at lines 4--159

 []


Underfull \hbox (badness 10000) in paragraph at lines 4--159

 []


Underfull \hbox (badness 10000) in paragraph at lines 4--159

 []


Underfull \hbox (badness 10000) in paragraph at lines 4--159

 []


Underfull \hbox (badness 10000) in paragraph at lines 4--159

 []


Underfull \hbox (badness 10000) in paragraph at lines 4--159

 []


Underfull \hbox (badness 10000) in paragraph at lines 4--159

 []


Underfull \vbox (badness 10000) has occurred while \output is active []

 [85

]
Package atveryend Info: Empty hook `BeforeClearDocument' on input line 160.

[86]
Package atveryend Info: Empty hook `AfterLastShipout' on input line 160.
 (Thesis.aux)
Package atveryend Info: Executing hook `AtVeryEndDocument' on input line 160.
Package atveryend Info: Executing hook `AtEndAfterFileList' on input line 160.
Package rerunfilecheck Info: File `Thesis.out' has not changed.
(rerunfilecheck)             Checksum: F1D154F41C1135721965601A64044772;3508.
 ) 
Here is how much of TeX's memory you used:
 27634 strings out of 492452
 499717 string characters out of 3134016
 904023 words of memory out of 3000000
 31059 multiletter control sequences out of 15000+200000
 557600 words of font info for 77 fonts, out of 3000000 for 9000
 1141 hyphenation exceptions out of 8191
 48i,19n,67p,1369b,2622s stack positions out of 5000i,500n,10000p,200000b,50000s
 <C:\Users\raffa\AppData\Local\MiKTeX\2.9\fonts/pk/ljfour/jknappen/ec/dpi600\
ecit1000.pk> <C:\Users\raffa\AppData\Local\MiKTeX\2.9\fonts/pk/ljfour/jknappen/
ec/dpi600\ectt1000.pk> <C:\Users\raffa\AppData\Local\MiKTeX\2.9\fonts/pk/ljfour
/jknappen/ec/dpi600\ectt1200.pk> <C:\Users\raffa\AppData\Local\MiKTeX\2.9\fonts
/pk/ljfour/jknappen/ec/dpi600\ecbx0600.pk> <C:\Users\raffa\AppData\Local\MiKTeX
\2.9\fonts/pk/ljfour/jknappen/ec/dpi600\ecti1000.pk> <C:\Users\raffa\AppData\Lo
cal\MiKTeX\2.9\fonts/pk/ljfour/jknappen/ec/dpi600\ecbi1000.pk> <C:\Users\raffa\
AppData\Local\MiKTeX\2.9\fonts/pk/ljfour/jknappen/ec/dpi600\ecbx1000.pk> <C:\Us
ers\raffa\AppData\Local\MiKTeX\2.9\fonts/pk/ljfour/jknappen/ec/dpi600\ecrm1095.
pk> <C:\Users\raffa\AppData\Local\MiKTeX\2.9\fonts/pk/ljfour/jknappen/ec/dpi600
\ecrm1000.pk> <C:\Users\raffa\AppData\Local\MiKTeX\2.9\fonts/pk/ljfour/jknappen
/ec/dpi600\ecbx1440.pk> <C:\Users\raffa\AppData\Local\MiKTeX\2.9\fonts/pk/ljfou
r/jknappen/ec/dpi600\ecsl1200.pk> <C:\Users\raffa\AppData\Local\MiKTeX\2.9\font
s/pk/ljfour/jknappen/ec/dpi600\ecbx2488.pk> <C:\Users\raffa\AppData\Local\MiKTe
X\2.9\fonts/pk/ljfour/jknappen/ec/dpi600\ecbx1200.pk> <C:\Users\raffa\AppData\L
ocal\MiKTeX\2.9\fonts/pk/ljfour/jknappen/ec/dpi600\ecti1200.pk> <C:\Users\raffa
\AppData\Local\MiKTeX\2.9\fonts/pk/ljfour/jknappen/ec/dpi600\ecbx1728.pk> <C:\U
sers\raffa\AppData\Local\MiKTeX\2.9\fonts/pk/ljfour/jknappen/ec/dpi600\eccc1200
.pk> <C:\Users\raffa\AppData\Local\MiKTeX\2.9\fonts/pk/ljfour/jknappen/ec/dpi60
0\ecrm1200.pk> <C:\Users\raffa\AppData\Local\MiKTeX\2.9\fonts/pk/ljfour/jknappe
n/ec/dpi600\ecbi1200.pk> <C:\Users\raffa\AppData\Local\MiKTeX\2.9\fonts/pk/ljfo
ur/jknappen/ec/dpi600\ecxc1728.pk> <C:\Users\raffa\AppData\Local\MiKTeX\2.9\fon
ts/pk/ljfour/jknappen/ec/dpi600\ecti1728.pk> <C:\Users\raffa\AppData\Local\MiKT
eX\2.9\fonts/pk/ljfour/jknappen/ec/dpi600\ecxc1200.pk> <C:\Users\raffa\AppData\
Local\MiKTeX\2.9\fonts/pk/ljfour/jknappen/ec/dpi600\ecxc1440.pk><D:/Programs/Mi
ktex/fonts/type1/public/amsfonts/cm/cmmi10.pfb><D:/Programs/Miktex/fonts/type1/
public/amsfonts/cm/cmmi12.pfb><D:/Programs/Miktex/fonts/type1/public/amsfonts/c
m/cmmi6.pfb><D:/Programs/Miktex/fonts/type1/public/amsfonts/cm/cmmi7.pfb><D:/Pr
ograms/Miktex/fonts/type1/public/amsfonts/cm/cmmi8.pfb><D:/Programs/Miktex/font
s/type1/public/amsfonts/cm/cmr10.pfb><D:/Programs/Miktex/fonts/type1/public/ams
fonts/cm/cmr12.pfb><D:/Programs/Miktex/fonts/type1/public/amsfonts/cm/cmr6.pfb>
<D:/Programs/Miktex/fonts/type1/public/amsfonts/cm/cmr7.pfb><D:/Programs/Miktex
/fonts/type1/public/amsfonts/cm/cmr8.pfb><D:/Programs/Miktex/fonts/type1/public
/amsfonts/cm/cmsy10.pfb><D:/Programs/Miktex/fonts/type1/public/amsfonts/cm/cmsy
7.pfb><D:/Programs/Miktex/fonts/type1/public/amsfonts/cm/cmsy8.pfb><D:/Programs
/Miktex/fonts/type1/public/amsfonts/cm/cmtt10.pfb><D:/Programs/Miktex/fonts/typ
e1/public/amsfonts/cm/cmtt12.pfb><D:/Programs/Miktex/fonts/type1/public/amsfont
s/cm/cmtt8.pfb>
Output written on Thesis.pdf (96 pages, 30315489 bytes).
PDF statistics:
 2508 PDF objects out of 2984 (max. 8388607)
 464 named destinations out of 1000 (max. 500000)
 1122 words of extra memory for PDF output out of 10000 (max. 10000000)

